mode: set
github.com/deepakkumarnarayana/timemachine-cli/internal/config/config.go:69.28,80.2 3 1
github.com/deepakkumarnarayana/timemachine-cli/internal/config/config.go:87.50,89.56 1 1
github.com/deepakkumarnarayana/timemachine-cli/internal/config/config.go:89.56,91.3 1 0
github.com/deepakkumarnarayana/timemachine-cli/internal/config/config.go:94.2,97.47 2 1
github.com/deepakkumarnarayana/timemachine-cli/internal/config/config.go:97.47,98.56 1 1
github.com/deepakkumarnarayana/timemachine-cli/internal/config/config.go:98.56,100.4 1 1
github.com/deepakkumarnarayana/timemachine-cli/internal/config/config.go:104.2,104.52 1 1
github.com/deepakkumarnarayana/timemachine-cli/internal/config/config.go:104.52,106.3 1 1
github.com/deepakkumarnarayana/timemachine-cli/internal/config/config.go:109.2,109.55 1 1
github.com/deepakkumarnarayana/timemachine-cli/internal/config/config.go:109.55,111.3 1 1
github.com/deepakkumarnarayana/timemachine-cli/internal/config/config.go:113.2,113.12 1 1
github.com/deepakkumarnarayana/timemachine-cli/internal/config/config.go:117.33,119.2 1 1
github.com/deepakkumarnarayana/timemachine-cli/internal/config/config.go:122.43,124.2 1 1
github.com/deepakkumarnarayana/timemachine-cli/internal/config/config.go:127.62,138.23 3 1
github.com/deepakkumarnarayana/timemachine-cli/internal/config/config.go:138.23,143.52 3 1
github.com/deepakkumarnarayana/timemachine-cli/internal/config/config.go:143.52,145.4 1 0
github.com/deepakkumarnarayana/timemachine-cli/internal/config/config.go:149.2,149.58 1 1
github.com/deepakkumarnarayana/timemachine-cli/internal/config/config.go:149.58,151.3 1 1
github.com/deepakkumarnarayana/timemachine-cli/internal/config/config.go:154.2,154.50 1 1
github.com/deepakkumarnarayana/timemachine-cli/internal/config/config.go:154.50,156.3 1 1
github.com/deepakkumarnarayana/timemachine-cli/internal/config/config.go:159.2,161.12 2 1
github.com/deepakkumarnarayana/timemachine-cli/internal/config/config.go:166.47,189.39 2 1
github.com/deepakkumarnarayana/timemachine-cli/internal/config/config.go:189.39,191.3 1 1
github.com/deepakkumarnarayana/timemachine-cli/internal/config/config.go:195.34,225.2 20 1
github.com/deepakkumarnarayana/timemachine-cli/internal/config/config.go:228.69,232.47 2 1
github.com/deepakkumarnarayana/timemachine-cli/internal/config/config.go:232.47,234.3 1 1
github.com/deepakkumarnarayana/timemachine-cli/internal/config/config.go:237.2,278.78 2 1
github.com/deepakkumarnarayana/timemachine-cli/internal/config/config.go:278.78,280.3 1 0
github.com/deepakkumarnarayana/timemachine-cli/internal/config/config.go:282.2,282.12 1 1
github.com/deepakkumarnarayana/timemachine-cli/internal/config/validator.go:18.32,20.2 1 1
github.com/deepakkumarnarayana/timemachine-cli/internal/config/validator.go:23.52,27.57 2 1
github.com/deepakkumarnarayana/timemachine-cli/internal/config/validator.go:27.57,29.3 1 1
github.com/deepakkumarnarayana/timemachine-cli/internal/config/validator.go:32.2,32.65 1 1
github.com/deepakkumarnarayana/timemachine-cli/internal/config/validator.go:32.65,34.3 1 1
github.com/deepakkumarnarayana/timemachine-cli/internal/config/validator.go:37.2,37.61 1 1
github.com/deepakkumarnarayana/timemachine-cli/internal/config/validator.go:37.61,39.3 1 1
github.com/deepakkumarnarayana/timemachine-cli/internal/config/validator.go:42.2,42.57 1 1
github.com/deepakkumarnarayana/timemachine-cli/internal/config/validator.go:42.57,44.3 1 1
github.com/deepakkumarnarayana/timemachine-cli/internal/config/validator.go:47.2,47.55 1 1
github.com/deepakkumarnarayana/timemachine-cli/internal/config/validator.go:47.55,49.3 1 1
github.com/deepakkumarnarayana/timemachine-cli/internal/config/validator.go:51.2,51.21 1 1
github.com/deepakkumarnarayana/timemachine-cli/internal/config/validator.go:51.21,53.3 1 1
github.com/deepakkumarnarayana/timemachine-cli/internal/config/validator.go:55.2,55.12 1 1
github.com/deepakkumarnarayana/timemachine-cli/internal/config/validator.go:59.64,64.49 3 1
github.com/deepakkumarnarayana/timemachine-cli/internal/config/validator.go:64.49,67.3 1 1
github.com/deepakkumarnarayana/timemachine-cli/internal/config/validator.go:70.2,71.51 2 1
github.com/deepakkumarnarayana/timemachine-cli/internal/config/validator.go:71.51,74.3 1 1
github.com/deepakkumarnarayana/timemachine-cli/internal/config/validator.go:77.2,77.23 1 1
github.com/deepakkumarnarayana/timemachine-cli/internal/config/validator.go:77.23,78.38 1 1
github.com/deepakkumarnarayana/timemachine-cli/internal/config/validator.go:78.38,80.4 1 1
github.com/deepakkumarnarayana/timemachine-cli/internal/config/validator.go:83.2,83.21 1 1
github.com/deepakkumarnarayana/timemachine-cli/internal/config/validator.go:83.21,85.3 1 1
github.com/deepakkumarnarayana/timemachine-cli/internal/config/validator.go:87.2,87.12 1 1
github.com/deepakkumarnarayana/timemachine-cli/internal/config/validator.go:91.72,95.49 2 1
github.com/deepakkumarnarayana/timemachine-cli/internal/config/validator.go:95.49,97.3 1 1
github.com/deepakkumarnarayana/timemachine-cli/internal/config/validator.go:98.2,98.43 1 1
github.com/deepakkumarnarayana/timemachine-cli/internal/config/validator.go:98.43,100.3 1 1
github.com/deepakkumarnarayana/timemachine-cli/internal/config/validator.go:103.2,103.35 1 1
github.com/deepakkumarnarayana/timemachine-cli/internal/config/validator.go:103.35,105.3 1 1
github.com/deepakkumarnarayana/timemachine-cli/internal/config/validator.go:106.2,106.38 1 1
github.com/deepakkumarnarayana/timemachine-cli/internal/config/validator.go:106.38,108.3 1 1
github.com/deepakkumarnarayana/timemachine-cli/internal/config/validator.go:111.2,111.26 1 1
github.com/deepakkumarnarayana/timemachine-cli/internal/config/validator.go:111.26,113.3 1 1
github.com/deepakkumarnarayana/timemachine-cli/internal/config/validator.go:114.2,114.29 1 1
github.com/deepakkumarnarayana/timemachine-cli/internal/config/validator.go:114.29,116.3 1 1
github.com/deepakkumarnarayana/timemachine-cli/internal/config/validator.go:119.2,119.48 1 1
github.com/deepakkumarnarayana/timemachine-cli/internal/config/validator.go:119.48,120.38 1 1
github.com/deepakkumarnarayana/timemachine-cli/internal/config/validator.go:120.38,122.4 1 1
github.com/deepakkumarnarayana/timemachine-cli/internal/config/validator.go:125.2,125.21 1 1
github.com/deepakkumarnarayana/timemachine-cli/internal/config/validator.go:125.21,127.3 1 1
github.com/deepakkumarnarayana/timemachine-cli/internal/config/validator.go:129.2,129.12 1 1
github.com/deepakkumarnarayana/timemachine-cli/internal/config/validator.go:133.68,137.30 2 1
github.com/deepakkumarnarayana/timemachine-cli/internal/config/validator.go:137.30,139.3 1 1
github.com/deepakkumarnarayana/timemachine-cli/internal/config/validator.go:140.2,140.32 1 1
github.com/deepakkumarnarayana/timemachine-cli/internal/config/validator.go:140.32,142.3 1 1
github.com/deepakkumarnarayana/timemachine-cli/internal/config/validator.go:145.2,145.29 1 1
github.com/deepakkumarnarayana/timemachine-cli/internal/config/validator.go:145.29,147.3 1 1
github.com/deepakkumarnarayana/timemachine-cli/internal/config/validator.go:148.2,148.31 1 1
github.com/deepakkumarnarayana/timemachine-cli/internal/config/validator.go:148.31,150.3 1 1
github.com/deepakkumarnarayana/timemachine-cli/internal/config/validator.go:153.2,153.32 1 1
github.com/deepakkumarnarayana/timemachine-cli/internal/config/validator.go:153.32,155.3 1 1
github.com/deepakkumarnarayana/timemachine-cli/internal/config/validator.go:156.2,156.31 1 1
github.com/deepakkumarnarayana/timemachine-cli/internal/config/validator.go:156.31,158.3 1 1
github.com/deepakkumarnarayana/timemachine-cli/internal/config/validator.go:160.2,160.21 1 1
github.com/deepakkumarnarayana/timemachine-cli/internal/config/validator.go:160.21,162.3 1 1
github.com/deepakkumarnarayana/timemachine-cli/internal/config/validator.go:164.2,164.12 1 1
github.com/deepakkumarnarayana/timemachine-cli/internal/config/validator.go:168.64,172.34 2 1
github.com/deepakkumarnarayana/timemachine-cli/internal/config/validator.go:172.34,174.3 1 1
github.com/deepakkumarnarayana/timemachine-cli/internal/config/validator.go:175.2,175.37 1 1
github.com/deepakkumarnarayana/timemachine-cli/internal/config/validator.go:175.37,177.3 1 1
github.com/deepakkumarnarayana/timemachine-cli/internal/config/validator.go:180.2,180.28 1 1
github.com/deepakkumarnarayana/timemachine-cli/internal/config/validator.go:180.28,182.3 1 1
github.com/deepakkumarnarayana/timemachine-cli/internal/config/validator.go:183.2,183.31 1 1
github.com/deepakkumarnarayana/timemachine-cli/internal/config/validator.go:183.31,185.3 1 1
github.com/deepakkumarnarayana/timemachine-cli/internal/config/validator.go:188.2,188.50 1 1
github.com/deepakkumarnarayana/timemachine-cli/internal/config/validator.go:188.50,190.3 1 1
github.com/deepakkumarnarayana/timemachine-cli/internal/config/validator.go:192.2,192.21 1 1
github.com/deepakkumarnarayana/timemachine-cli/internal/config/validator.go:192.21,194.3 1 1
github.com/deepakkumarnarayana/timemachine-cli/internal/config/validator.go:196.2,196.12 1 1
github.com/deepakkumarnarayana/timemachine-cli/internal/config/validator.go:200.62,205.56 3 1
github.com/deepakkumarnarayana/timemachine-cli/internal/config/validator.go:205.56,208.3 1 1
github.com/deepakkumarnarayana/timemachine-cli/internal/config/validator.go:211.2,212.61 2 1
github.com/deepakkumarnarayana/timemachine-cli/internal/config/validator.go:212.61,215.3 1 1
github.com/deepakkumarnarayana/timemachine-cli/internal/config/validator.go:217.2,217.21 1 1
github.com/deepakkumarnarayana/timemachine-cli/internal/config/validator.go:217.21,219.3 1 1
github.com/deepakkumarnarayana/timemachine-cli/internal/config/validator.go:221.2,221.12 1 1
github.com/deepakkumarnarayana/timemachine-cli/internal/config/validator.go:227.68,228.26 1 1
github.com/deepakkumarnarayana/timemachine-cli/internal/config/validator.go:228.26,229.15 1 1
github.com/deepakkumarnarayana/timemachine-cli/internal/config/validator.go:229.15,231.4 1 1
github.com/deepakkumarnarayana/timemachine-cli/internal/config/validator.go:233.2,233.14 1 1
github.com/deepakkumarnarayana/timemachine-cli/internal/config/validator.go:237.55,238.35 1 1
github.com/deepakkumarnarayana/timemachine-cli/internal/config/validator.go:238.35,240.3 1 0
github.com/deepakkumarnarayana/timemachine-cli/internal/config/validator.go:243.2,247.55 3 1
github.com/deepakkumarnarayana/timemachine-cli/internal/config/validator.go:247.55,249.3 1 1
github.com/deepakkumarnarayana/timemachine-cli/internal/config/validator.go:252.2,252.53 1 1
github.com/deepakkumarnarayana/timemachine-cli/internal/config/validator.go:252.53,254.3 1 0
github.com/deepakkumarnarayana/timemachine-cli/internal/config/validator.go:257.2,257.39 1 1
github.com/deepakkumarnarayana/timemachine-cli/internal/config/validator.go:257.39,259.3 1 0
github.com/deepakkumarnarayana/timemachine-cli/internal/config/validator.go:262.2,262.31 1 1
github.com/deepakkumarnarayana/timemachine-cli/internal/config/validator.go:262.31,275.36 4 1
github.com/deepakkumarnarayana/timemachine-cli/internal/config/validator.go:275.36,276.62 1 1
github.com/deepakkumarnarayana/timemachine-cli/internal/config/validator.go:276.62,278.10 2 1
github.com/deepakkumarnarayana/timemachine-cli/internal/config/validator.go:283.3,283.14 1 1
github.com/deepakkumarnarayana/timemachine-cli/internal/config/validator.go:283.14,285.52 1 1
github.com/deepakkumarnarayana/timemachine-cli/internal/config/validator.go:285.52,286.46 1 1
github.com/deepakkumarnarayana/timemachine-cli/internal/config/validator.go:286.46,288.6 1 0
github.com/deepakkumarnarayana/timemachine-cli/internal/config/validator.go:291.4,291.56 1 1
github.com/deepakkumarnarayana/timemachine-cli/internal/config/validator.go:291.56,292.49 1 1
github.com/deepakkumarnarayana/timemachine-cli/internal/config/validator.go:292.49,294.6 1 0
github.com/deepakkumarnarayana/timemachine-cli/internal/config/validator.go:297.4,297.15 1 1
github.com/deepakkumarnarayana/timemachine-cli/internal/config/validator.go:297.15,299.5 1 1
github.com/deepakkumarnarayana/timemachine-cli/internal/config/validator.go:303.2,303.13 1 1
github.com/deepakkumarnarayana/timemachine-cli/internal/config/validator.go:307.75,308.15 1 1
github.com/deepakkumarnarayana/timemachine-cli/internal/config/validator.go:309.19,310.36 1 1
github.com/deepakkumarnarayana/timemachine-cli/internal/config/validator.go:310.36,312.42 2 1
github.com/deepakkumarnarayana/timemachine-cli/internal/config/validator.go:312.42,315.5 1 1
github.com/deepakkumarnarayana/timemachine-cli/internal/config/validator.go:316.9,318.4 1 1
github.com/deepakkumarnarayana/timemachine-cli/internal/config/validator.go:320.32,321.48 1 1
github.com/deepakkumarnarayana/timemachine-cli/internal/config/validator.go:321.48,322.68 1 1
github.com/deepakkumarnarayana/timemachine-cli/internal/config/validator.go:322.68,324.5 1 1
github.com/deepakkumarnarayana/timemachine-cli/internal/config/validator.go:325.9,327.4 1 1
github.com/deepakkumarnarayana/timemachine-cli/internal/config/validator.go:329.27,330.33 1 1
github.com/deepakkumarnarayana/timemachine-cli/internal/config/validator.go:330.33,331.34 1 1
github.com/deepakkumarnarayana/timemachine-cli/internal/config/validator.go:331.34,333.5 1 1
github.com/deepakkumarnarayana/timemachine-cli/internal/config/validator.go:334.9,336.4 1 1
github.com/deepakkumarnarayana/timemachine-cli/internal/config/validator.go:339.10,341.38 1 1
github.com/deepakkumarnarayana/timemachine-cli/internal/config/validator.go:344.2,344.12 1 1
github.com/deepakkumarnarayana/timemachine-cli/internal/config/validator.go:348.73,350.22 1 1
github.com/deepakkumarnarayana/timemachine-cli/internal/config/validator.go:351.50,352.13 1 1
github.com/deepakkumarnarayana/timemachine-cli/internal/config/validator.go:353.10,354.70 1 1
github.com/deepakkumarnarayana/timemachine-cli/internal/config/validator.go:359.48,386.2 1 1
