mode: set
github.com/deepakkumarnarayana/timemachine-cli/cmd/timemachine/main.go:22.47,23.60 1 0
github.com/deepakkumarnarayana/timemachine-cli/cmd/timemachine/main.go:23.60,26.4 2 0
github.com/deepakkumarnarayana/timemachine-cli/cmd/timemachine/main.go:27.3,28.65 2 0
github.com/deepakkumarnarayana/timemachine-cli/cmd/timemachine/main.go:32.13,46.2 10 0
github.com/deepakkumarnarayana/timemachine-cli/cmd/timemachine/main.go:48.13,51.16 2 0
github.com/deepakkumarnarayana/timemachine-cli/cmd/timemachine/main.go:51.16,54.3 2 0
github.com/deepakkumarnarayana/timemachine-cli/cmd/timemachine/main.go:54.8,56.26 2 0
github.com/deepakkumarnarayana/timemachine-cli/cmd/timemachine/main.go:56.26,58.4 1 0
github.com/deepakkumarnarayana/timemachine-cli/cmd/timemachine/main.go:58.9,60.4 1 0
github.com/deepakkumarnarayana/timemachine-cli/cmd/timemachine/main.go:63.2,63.42 1 0
github.com/deepakkumarnarayana/timemachine-cli/cmd/timemachine/main.go:63.42,66.3 2 0
github.com/deepakkumarnarayana/timemachine-cli/internal/utils/files.go:12.60,15.85 2 0
github.com/deepakkumarnarayana/timemachine-cli/internal/utils/files.go:15.85,16.17 1 0
github.com/deepakkumarnarayana/timemachine-cli/internal/utils/files.go:16.17,18.4 1 0
github.com/deepakkumarnarayana/timemachine-cli/internal/utils/files.go:19.3,19.20 1 0
github.com/deepakkumarnarayana/timemachine-cli/internal/utils/files.go:19.20,21.4 1 0
github.com/deepakkumarnarayana/timemachine-cli/internal/utils/files.go:22.3,22.13 1 0
github.com/deepakkumarnarayana/timemachine-cli/internal/utils/files.go:25.2,25.18 1 0
github.com/deepakkumarnarayana/timemachine-cli/internal/utils/files.go:29.38,31.18 2 0
github.com/deepakkumarnarayana/timemachine-cli/internal/utils/files.go:31.18,33.3 1 0
github.com/deepakkumarnarayana/timemachine-cli/internal/utils/files.go:34.2,35.46 2 0
github.com/deepakkumarnarayana/timemachine-cli/internal/utils/files.go:35.46,38.3 2 0
github.com/deepakkumarnarayana/timemachine-cli/internal/utils/files.go:39.2,39.76 1 0
github.com/deepakkumarnarayana/timemachine-cli/internal/utils/files.go:43.67,47.79 2 0
github.com/deepakkumarnarayana/timemachine-cli/internal/utils/files.go:47.79,48.17 1 0
github.com/deepakkumarnarayana/timemachine-cli/internal/utils/files.go:48.17,50.4 1 0
github.com/deepakkumarnarayana/timemachine-cli/internal/utils/files.go:53.3,53.39 1 0
github.com/deepakkumarnarayana/timemachine-cli/internal/utils/files.go:53.39,54.20 1 0
github.com/deepakkumarnarayana/timemachine-cli/internal/utils/files.go:54.20,56.5 1 0
github.com/deepakkumarnarayana/timemachine-cli/internal/utils/files.go:57.4,57.14 1 0
github.com/deepakkumarnarayana/timemachine-cli/internal/utils/files.go:60.3,60.19 1 0
github.com/deepakkumarnarayana/timemachine-cli/internal/utils/files.go:60.19,62.4 1 0
github.com/deepakkumarnarayana/timemachine-cli/internal/utils/files.go:62.9,64.4 1 0
github.com/deepakkumarnarayana/timemachine-cli/internal/utils/files.go:65.3,65.13 1 0
github.com/deepakkumarnarayana/timemachine-cli/internal/utils/files.go:68.2,68.28 1 0
github.com/deepakkumarnarayana/timemachine-cli/internal/utils/strings.go:4.50,5.22 1 0
github.com/deepakkumarnarayana/timemachine-cli/internal/utils/strings.go:5.22,7.3 1 0
github.com/deepakkumarnarayana/timemachine-cli/internal/utils/strings.go:8.2,8.17 1 0
github.com/deepakkumarnarayana/timemachine-cli/internal/utils/strings.go:8.17,10.3 1 0
github.com/deepakkumarnarayana/timemachine-cli/internal/utils/strings.go:11.2,11.29 1 0
github.com/deepakkumarnarayana/timemachine-cli/internal/utils/strings.go:15.38,17.2 1 0
github.com/deepakkumarnarayana/timemachine-cli/internal/utils/strings.go:19.43,20.43 1 0
github.com/deepakkumarnarayana/timemachine-cli/internal/utils/strings.go:20.43,21.35 1 0
github.com/deepakkumarnarayana/timemachine-cli/internal/utils/strings.go:21.35,23.4 1 0
github.com/deepakkumarnarayana/timemachine-cli/internal/utils/strings.go:25.2,25.14 1 0
github.com/deepakkumarnarayana/timemachine-cli/internal/commands/clean.go:17.32,40.55 2 0
github.com/deepakkumarnarayana/timemachine-cli/internal/commands/clean.go:40.55,42.4 1 0
github.com/deepakkumarnarayana/timemachine-cli/internal/commands/clean.go:46.2,51.12 5 0
github.com/deepakkumarnarayana/timemachine-cli/internal/commands/clean.go:54.67,57.16 2 0
github.com/deepakkumarnarayana/timemachine-cli/internal/commands/clean.go:57.16,58.13 1 0
github.com/deepakkumarnarayana/timemachine-cli/internal/commands/clean.go:58.13,60.4 1 0
github.com/deepakkumarnarayana/timemachine-cli/internal/commands/clean.go:61.3,61.13 1 0
github.com/deepakkumarnarayana/timemachine-cli/internal/commands/clean.go:65.2,65.26 1 0
github.com/deepakkumarnarayana/timemachine-cli/internal/commands/clean.go:65.26,66.13 1 0
github.com/deepakkumarnarayana/timemachine-cli/internal/commands/clean.go:66.13,69.4 2 0
github.com/deepakkumarnarayana/timemachine-cli/internal/commands/clean.go:70.3,70.13 1 0
github.com/deepakkumarnarayana/timemachine-cli/internal/commands/clean.go:74.2,78.16 3 0
github.com/deepakkumarnarayana/timemachine-cli/internal/commands/clean.go:78.16,79.13 1 0
github.com/deepakkumarnarayana/timemachine-cli/internal/commands/clean.go:79.13,81.4 1 0
github.com/deepakkumarnarayana/timemachine-cli/internal/commands/clean.go:82.3,82.13 1 0
github.com/deepakkumarnarayana/timemachine-cli/internal/commands/clean.go:85.2,85.25 1 0
github.com/deepakkumarnarayana/timemachine-cli/internal/commands/clean.go:85.25,86.13 1 0
github.com/deepakkumarnarayana/timemachine-cli/internal/commands/clean.go:86.13,88.4 1 0
github.com/deepakkumarnarayana/timemachine-cli/internal/commands/clean.go:89.3,89.13 1 0
github.com/deepakkumarnarayana/timemachine-cli/internal/commands/clean.go:93.2,96.21 3 0
github.com/deepakkumarnarayana/timemachine-cli/internal/commands/clean.go:96.21,99.17 2 0
github.com/deepakkumarnarayana/timemachine-cli/internal/commands/clean.go:99.17,101.4 1 0
github.com/deepakkumarnarayana/timemachine-cli/internal/commands/clean.go:102.8,102.21 1 0
github.com/deepakkumarnarayana/timemachine-cli/internal/commands/clean.go:102.21,104.28 1 0
github.com/deepakkumarnarayana/timemachine-cli/internal/commands/clean.go:104.28,107.4 2 0
github.com/deepakkumarnarayana/timemachine-cli/internal/commands/clean.go:107.9,109.4 1 0
github.com/deepakkumarnarayana/timemachine-cli/internal/commands/clean.go:110.8,114.3 2 0
github.com/deepakkumarnarayana/timemachine-cli/internal/commands/clean.go:116.2,116.33 1 0
github.com/deepakkumarnarayana/timemachine-cli/internal/commands/clean.go:116.33,117.13 1 0
github.com/deepakkumarnarayana/timemachine-cli/internal/commands/clean.go:117.13,119.4 1 0
github.com/deepakkumarnarayana/timemachine-cli/internal/commands/clean.go:120.3,120.13 1 0
github.com/deepakkumarnarayana/timemachine-cli/internal/commands/clean.go:124.2,124.12 1 0
github.com/deepakkumarnarayana/timemachine-cli/internal/commands/clean.go:124.12,131.34 6 0
github.com/deepakkumarnarayana/timemachine-cli/internal/commands/clean.go:131.34,134.47 2 0
github.com/deepakkumarnarayana/timemachine-cli/internal/commands/clean.go:134.47,139.5 1 0
github.com/deepakkumarnarayana/timemachine-cli/internal/commands/clean.go:140.9,143.51 2 0
github.com/deepakkumarnarayana/timemachine-cli/internal/commands/clean.go:143.51,144.15 1 0
github.com/deepakkumarnarayana/timemachine-cli/internal/commands/clean.go:144.15,145.11 1 0
github.com/deepakkumarnarayana/timemachine-cli/internal/commands/clean.go:147.5,150.20 1 0
github.com/deepakkumarnarayana/timemachine-cli/internal/commands/clean.go:153.3,153.16 1 0
github.com/deepakkumarnarayana/timemachine-cli/internal/commands/clean.go:157.2,157.21 1 0
github.com/deepakkumarnarayana/timemachine-cli/internal/commands/clean.go:157.21,162.17 4 0
github.com/deepakkumarnarayana/timemachine-cli/internal/commands/clean.go:162.17,164.4 1 0
github.com/deepakkumarnarayana/timemachine-cli/internal/commands/clean.go:166.3,167.43 2 0
github.com/deepakkumarnarayana/timemachine-cli/internal/commands/clean.go:167.43,170.4 2 0
github.com/deepakkumarnarayana/timemachine-cli/internal/commands/clean.go:171.3,171.16 1 0
github.com/deepakkumarnarayana/timemachine-cli/internal/commands/clean.go:175.2,175.12 1 0
github.com/deepakkumarnarayana/timemachine-cli/internal/commands/clean.go:175.12,177.3 1 0
github.com/deepakkumarnarayana/timemachine-cli/internal/commands/clean.go:179.2,179.34 1 0
github.com/deepakkumarnarayana/timemachine-cli/internal/commands/clean.go:179.34,182.17 2 0
github.com/deepakkumarnarayana/timemachine-cli/internal/commands/clean.go:182.17,183.14 1 0
github.com/deepakkumarnarayana/timemachine-cli/internal/commands/clean.go:183.14,185.5 1 0
github.com/deepakkumarnarayana/timemachine-cli/internal/commands/clean.go:186.4,186.68 1 0
github.com/deepakkumarnarayana/timemachine-cli/internal/commands/clean.go:190.3,190.30 1 0
github.com/deepakkumarnarayana/timemachine-cli/internal/commands/clean.go:191.8,195.17 2 0
github.com/deepakkumarnarayana/timemachine-cli/internal/commands/clean.go:195.17,196.14 1 0
github.com/deepakkumarnarayana/timemachine-cli/internal/commands/clean.go:196.14,198.5 1 0
github.com/deepakkumarnarayana/timemachine-cli/internal/commands/clean.go:199.4,199.61 1 0
github.com/deepakkumarnarayana/timemachine-cli/internal/commands/clean.go:203.2,203.12 1 0
github.com/deepakkumarnarayana/timemachine-cli/internal/commands/clean.go:203.12,207.35 3 0
github.com/deepakkumarnarayana/timemachine-cli/internal/commands/clean.go:207.35,210.4 2 0
github.com/deepakkumarnarayana/timemachine-cli/internal/commands/clean.go:210.9,213.4 2 0
github.com/deepakkumarnarayana/timemachine-cli/internal/commands/clean.go:216.2,216.12 1 0
github.com/deepakkumarnarayana/timemachine-cli/internal/commands/clean.go:220.93,223.16 2 0
github.com/deepakkumarnarayana/timemachine-cli/internal/commands/clean.go:223.16,225.3 1 0
github.com/deepakkumarnarayana/timemachine-cli/internal/commands/clean.go:229.2,232.37 3 0
github.com/deepakkumarnarayana/timemachine-cli/internal/commands/clean.go:232.37,234.43 1 0
github.com/deepakkumarnarayana/timemachine-cli/internal/commands/clean.go:234.43,236.4 1 0
github.com/deepakkumarnarayana/timemachine-cli/internal/commands/clean.go:236.9,238.4 1 0
github.com/deepakkumarnarayana/timemachine-cli/internal/commands/clean.go:241.2,241.30 1 0
github.com/deepakkumarnarayana/timemachine-cli/internal/commands/clean.go:245.43,246.16 1 0
github.com/deepakkumarnarayana/timemachine-cli/internal/commands/clean.go:246.16,248.3 1 0
github.com/deepakkumarnarayana/timemachine-cli/internal/commands/clean.go:250.2,254.16 4 0
github.com/deepakkumarnarayana/timemachine-cli/internal/commands/clean.go:254.16,256.3 1 0
github.com/deepakkumarnarayana/timemachine-cli/internal/commands/clean.go:258.2,258.14 1 0
github.com/deepakkumarnarayana/timemachine-cli/internal/commands/clean.go:259.11,260.18 1 0
github.com/deepakkumarnarayana/timemachine-cli/internal/commands/clean.go:261.11,262.22 1 0
github.com/deepakkumarnarayana/timemachine-cli/internal/commands/clean.go:263.11,264.23 1 0
github.com/deepakkumarnarayana/timemachine-cli/internal/commands/clean.go:265.10,266.70 1 0
github.com/deepakkumarnarayana/timemachine-cli/internal/commands/clean.go:271.49,273.77 1 0
github.com/deepakkumarnarayana/timemachine-cli/internal/commands/clean.go:273.77,275.3 1 0
github.com/deepakkumarnarayana/timemachine-cli/internal/commands/clean.go:276.2,276.52 1 0
github.com/deepakkumarnarayana/timemachine-cli/internal/commands/clean.go:276.52,278.3 1 0
github.com/deepakkumarnarayana/timemachine-cli/internal/commands/clean.go:279.2,279.51 1 0
github.com/deepakkumarnarayana/timemachine-cli/internal/commands/clean.go:279.51,281.3 1 0
github.com/deepakkumarnarayana/timemachine-cli/internal/commands/clean.go:282.2,282.14 1 0
github.com/deepakkumarnarayana/timemachine-cli/internal/commands/clean.go:286.108,290.20 1 0
github.com/deepakkumarnarayana/timemachine-cli/internal/commands/clean.go:290.20,293.3 1 0
github.com/deepakkumarnarayana/timemachine-cli/internal/commands/clean.go:297.2,297.105 1 0
github.com/deepakkumarnarayana/timemachine-cli/internal/commands/config.go:14.33,38.2 7 0
github.com/deepakkumarnarayana/timemachine-cli/internal/commands/config.go:41.37,54.55 2 0
github.com/deepakkumarnarayana/timemachine-cli/internal/commands/config.go:54.55,55.14 1 0
github.com/deepakkumarnarayana/timemachine-cli/internal/commands/config.go:55.14,57.5 1 0
github.com/deepakkumarnarayana/timemachine-cli/internal/commands/config.go:58.4,58.35 1 0
github.com/deepakkumarnarayana/timemachine-cli/internal/commands/config.go:62.2,65.12 3 0
github.com/deepakkumarnarayana/timemachine-cli/internal/commands/config.go:69.37,76.55 2 0
github.com/deepakkumarnarayana/timemachine-cli/internal/commands/config.go:76.55,78.4 1 0
github.com/deepakkumarnarayana/timemachine-cli/internal/commands/config.go:81.2,83.12 2 0
github.com/deepakkumarnarayana/timemachine-cli/internal/commands/config.go:87.36,93.55 1 0
github.com/deepakkumarnarayana/timemachine-cli/internal/commands/config.go:93.55,95.4 1 0
github.com/deepakkumarnarayana/timemachine-cli/internal/commands/config.go:100.36,108.55 2 0
github.com/deepakkumarnarayana/timemachine-cli/internal/commands/config.go:108.55,110.4 1 0
github.com/deepakkumarnarayana/timemachine-cli/internal/commands/config.go:113.2,115.12 2 0
github.com/deepakkumarnarayana/timemachine-cli/internal/commands/config.go:119.41,124.55 1 0
github.com/deepakkumarnarayana/timemachine-cli/internal/commands/config.go:124.55,126.4 1 0
github.com/deepakkumarnarayana/timemachine-cli/internal/commands/config.go:132.42,135.16 2 0
github.com/deepakkumarnarayana/timemachine-cli/internal/commands/config.go:135.16,137.3 1 0
github.com/deepakkumarnarayana/timemachine-cli/internal/commands/config.go:139.2,142.12 2 0
github.com/deepakkumarnarayana/timemachine-cli/internal/commands/config.go:142.12,143.48 1 0
github.com/deepakkumarnarayana/timemachine-cli/internal/commands/config.go:143.48,147.4 3 0
github.com/deepakkumarnarayana/timemachine-cli/internal/commands/config.go:151.2,151.87 1 0
github.com/deepakkumarnarayana/timemachine-cli/internal/commands/config.go:151.87,153.3 1 0
github.com/deepakkumarnarayana/timemachine-cli/internal/commands/config.go:155.2,161.12 6 0
github.com/deepakkumarnarayana/timemachine-cli/internal/commands/config.go:164.41,167.16 2 0
github.com/deepakkumarnarayana/timemachine-cli/internal/commands/config.go:167.16,169.3 1 0
github.com/deepakkumarnarayana/timemachine-cli/internal/commands/config.go:171.2,175.53 3 0
github.com/deepakkumarnarayana/timemachine-cli/internal/commands/config.go:175.53,177.3 1 0
github.com/deepakkumarnarayana/timemachine-cli/internal/commands/config.go:180.2,180.12 1 0
github.com/deepakkumarnarayana/timemachine-cli/internal/commands/config.go:180.12,181.48 1 0
github.com/deepakkumarnarayana/timemachine-cli/internal/commands/config.go:181.48,185.4 3 0
github.com/deepakkumarnarayana/timemachine-cli/internal/commands/config.go:189.2,190.16 2 0
github.com/deepakkumarnarayana/timemachine-cli/internal/commands/config.go:190.16,192.3 1 0
github.com/deepakkumarnarayana/timemachine-cli/internal/commands/config.go:193.2,193.79 1 0
github.com/deepakkumarnarayana/timemachine-cli/internal/commands/config.go:193.79,195.3 1 0
github.com/deepakkumarnarayana/timemachine-cli/internal/commands/config.go:197.2,201.12 4 0
github.com/deepakkumarnarayana/timemachine-cli/internal/commands/config.go:204.38,207.16 2 0
github.com/deepakkumarnarayana/timemachine-cli/internal/commands/config.go:207.16,209.3 1 0
github.com/deepakkumarnarayana/timemachine-cli/internal/commands/config.go:211.2,211.16 1 0
github.com/deepakkumarnarayana/timemachine-cli/internal/commands/config.go:212.14,214.70 1 0
github.com/deepakkumarnarayana/timemachine-cli/internal/commands/config.go:214.70,252.4 1 0
github.com/deepakkumarnarayana/timemachine-cli/internal/commands/config.go:253.14,292.120 1 0
github.com/deepakkumarnarayana/timemachine-cli/internal/commands/config.go:293.10,294.77 1 0
github.com/deepakkumarnarayana/timemachine-cli/internal/commands/config.go:297.2,297.12 1 0
github.com/deepakkumarnarayana/timemachine-cli/internal/commands/config.go:300.39,303.16 2 0
github.com/deepakkumarnarayana/timemachine-cli/internal/commands/config.go:303.16,305.3 1 0
github.com/deepakkumarnarayana/timemachine-cli/internal/commands/config.go:308.2,309.18 2 0
github.com/deepakkumarnarayana/timemachine-cli/internal/commands/config.go:309.18,311.3 1 0
github.com/deepakkumarnarayana/timemachine-cli/internal/commands/config.go:313.2,314.12 2 0
github.com/deepakkumarnarayana/timemachine-cli/internal/commands/config.go:317.59,326.12 2 0
github.com/deepakkumarnarayana/timemachine-cli/internal/commands/config.go:326.12,328.3 1 0
github.com/deepakkumarnarayana/timemachine-cli/internal/commands/config.go:329.2,334.12 4 0
github.com/deepakkumarnarayana/timemachine-cli/internal/commands/config.go:334.12,337.3 2 0
github.com/deepakkumarnarayana/timemachine-cli/internal/commands/config.go:337.8,339.17 2 0
github.com/deepakkumarnarayana/timemachine-cli/internal/commands/config.go:339.17,341.4 1 0
github.com/deepakkumarnarayana/timemachine-cli/internal/commands/config.go:344.2,344.12 1 0
github.com/deepakkumarnarayana/timemachine-cli/internal/commands/config.go:347.29,350.16 2 0
github.com/deepakkumarnarayana/timemachine-cli/internal/commands/config.go:350.16,352.3 1 0
github.com/deepakkumarnarayana/timemachine-cli/internal/commands/config.go:356.2,360.85 3 0
github.com/deepakkumarnarayana/timemachine-cli/internal/commands/config.go:360.85,362.3 1 0
github.com/deepakkumarnarayana/timemachine-cli/internal/commands/config.go:362.8,364.3 1 0
github.com/deepakkumarnarayana/timemachine-cli/internal/commands/config.go:367.2,376.33 3 0
github.com/deepakkumarnarayana/timemachine-cli/internal/commands/config.go:376.33,377.30 1 0
github.com/deepakkumarnarayana/timemachine-cli/internal/commands/config.go:377.30,379.4 1 0
github.com/deepakkumarnarayana/timemachine-cli/internal/commands/config.go:382.2,382.27 1 0
github.com/deepakkumarnarayana/timemachine-cli/internal/commands/config.go:382.27,384.36 2 0
github.com/deepakkumarnarayana/timemachine-cli/internal/commands/config.go:384.36,386.4 1 0
github.com/deepakkumarnarayana/timemachine-cli/internal/commands/config.go:389.2,389.12 1 0
github.com/deepakkumarnarayana/timemachine-cli/internal/commands/init.go:16.31,29.2 1 1
github.com/deepakkumarnarayana/timemachine-cli/internal/commands/init.go:31.55,34.16 2 1
github.com/deepakkumarnarayana/timemachine-cli/internal/commands/init.go:34.16,36.3 1 0
github.com/deepakkumarnarayana/timemachine-cli/internal/commands/init.go:38.2,41.25 2 1
github.com/deepakkumarnarayana/timemachine-cli/internal/commands/init.go:41.25,45.3 3 1
github.com/deepakkumarnarayana/timemachine-cli/internal/commands/init.go:48.2,52.58 3 1
github.com/deepakkumarnarayana/timemachine-cli/internal/commands/init.go:52.58,55.3 2 0
github.com/deepakkumarnarayana/timemachine-cli/internal/commands/init.go:56.2,60.59 3 1
github.com/deepakkumarnarayana/timemachine-cli/internal/commands/init.go:60.59,63.3 2 0
github.com/deepakkumarnarayana/timemachine-cli/internal/commands/init.go:64.2,68.74 3 1
github.com/deepakkumarnarayana/timemachine-cli/internal/commands/init.go:68.74,71.3 2 0
github.com/deepakkumarnarayana/timemachine-cli/internal/commands/init.go:72.2,76.58 3 1
github.com/deepakkumarnarayana/timemachine-cli/internal/commands/init.go:76.58,79.3 2 0
github.com/deepakkumarnarayana/timemachine-cli/internal/commands/init.go:80.2,84.83 3 1
github.com/deepakkumarnarayana/timemachine-cli/internal/commands/init.go:84.83,87.3 2 0
github.com/deepakkumarnarayana/timemachine-cli/internal/commands/init.go:88.2,99.12 9 1
github.com/deepakkumarnarayana/timemachine-cli/internal/commands/init.go:104.48,111.53 4 1
github.com/deepakkumarnarayana/timemachine-cli/internal/commands/init.go:111.53,115.22 3 1
github.com/deepakkumarnarayana/timemachine-cli/internal/commands/init.go:115.22,120.55 3 1
github.com/deepakkumarnarayana/timemachine-cli/internal/commands/init.go:120.55,122.5 1 1
github.com/deepakkumarnarayana/timemachine-cli/internal/commands/init.go:125.3,125.39 1 1
github.com/deepakkumarnarayana/timemachine-cli/internal/commands/init.go:125.39,127.4 1 0
github.com/deepakkumarnarayana/timemachine-cli/internal/commands/init.go:128.8,128.32 1 1
github.com/deepakkumarnarayana/timemachine-cli/internal/commands/init.go:128.32,130.3 1 0
github.com/deepakkumarnarayana/timemachine-cli/internal/commands/init.go:133.2,133.22 1 1
github.com/deepakkumarnarayana/timemachine-cli/internal/commands/init.go:133.22,135.3 1 1
github.com/deepakkumarnarayana/timemachine-cli/internal/commands/init.go:138.2,146.16 3 1
github.com/deepakkumarnarayana/timemachine-cli/internal/commands/init.go:146.16,148.3 1 0
github.com/deepakkumarnarayana/timemachine-cli/internal/commands/init.go:149.2,154.39 3 1
github.com/deepakkumarnarayana/timemachine-cli/internal/commands/init.go:154.39,155.60 1 1
github.com/deepakkumarnarayana/timemachine-cli/internal/commands/init.go:155.60,157.4 1 0
github.com/deepakkumarnarayana/timemachine-cli/internal/commands/init.go:161.2,161.42 1 1
github.com/deepakkumarnarayana/timemachine-cli/internal/commands/init.go:161.42,162.60 1 1
github.com/deepakkumarnarayana/timemachine-cli/internal/commands/init.go:162.60,164.4 1 0
github.com/deepakkumarnarayana/timemachine-cli/internal/commands/init.go:167.2,167.23 1 1
github.com/deepakkumarnarayana/timemachine-cli/internal/commands/init.go:171.63,175.47 2 1
github.com/deepakkumarnarayana/timemachine-cli/internal/commands/init.go:175.47,177.3 1 0
github.com/deepakkumarnarayana/timemachine-cli/internal/commands/init.go:177.8,177.32 1 1
github.com/deepakkumarnarayana/timemachine-cli/internal/commands/init.go:177.32,179.3 1 0
github.com/deepakkumarnarayana/timemachine-cli/internal/commands/init.go:182.2,221.16 3 1
github.com/deepakkumarnarayana/timemachine-cli/internal/commands/init.go:221.16,223.3 1 0
github.com/deepakkumarnarayana/timemachine-cli/internal/commands/init.go:224.2,227.39 3 1
github.com/deepakkumarnarayana/timemachine-cli/internal/commands/init.go:227.39,228.60 1 1
github.com/deepakkumarnarayana/timemachine-cli/internal/commands/init.go:228.60,230.4 1 0
github.com/deepakkumarnarayana/timemachine-cli/internal/commands/init.go:233.2,233.23 1 1
github.com/deepakkumarnarayana/timemachine-cli/internal/commands/init.go:238.47,243.52 3 1
github.com/deepakkumarnarayana/timemachine-cli/internal/commands/init.go:243.52,245.3 1 0
github.com/deepakkumarnarayana/timemachine-cli/internal/commands/init.go:248.2,251.48 3 1
github.com/deepakkumarnarayana/timemachine-cli/internal/commands/init.go:251.48,255.22 3 1
github.com/deepakkumarnarayana/timemachine-cli/internal/commands/init.go:255.22,260.51 3 1
github.com/deepakkumarnarayana/timemachine-cli/internal/commands/init.go:260.51,262.5 1 1
github.com/deepakkumarnarayana/timemachine-cli/internal/commands/init.go:265.3,265.39 1 1
github.com/deepakkumarnarayana/timemachine-cli/internal/commands/init.go:265.39,267.4 1 0
github.com/deepakkumarnarayana/timemachine-cli/internal/commands/init.go:268.8,268.32 1 1
github.com/deepakkumarnarayana/timemachine-cli/internal/commands/init.go:268.32,270.3 1 0
github.com/deepakkumarnarayana/timemachine-cli/internal/commands/init.go:273.2,273.22 1 1
github.com/deepakkumarnarayana/timemachine-cli/internal/commands/init.go:273.22,275.3 1 1
github.com/deepakkumarnarayana/timemachine-cli/internal/commands/init.go:278.2,288.16 3 1
github.com/deepakkumarnarayana/timemachine-cli/internal/commands/init.go:288.16,290.3 1 0
github.com/deepakkumarnarayana/timemachine-cli/internal/commands/init.go:291.2,296.31 3 1
github.com/deepakkumarnarayana/timemachine-cli/internal/commands/init.go:296.31,297.62 1 1
github.com/deepakkumarnarayana/timemachine-cli/internal/commands/init.go:297.62,299.4 1 0
github.com/deepakkumarnarayana/timemachine-cli/internal/commands/init.go:303.2,303.39 1 1
github.com/deepakkumarnarayana/timemachine-cli/internal/commands/init.go:303.39,304.60 1 1
github.com/deepakkumarnarayana/timemachine-cli/internal/commands/init.go:304.60,306.4 1 0
github.com/deepakkumarnarayana/timemachine-cli/internal/commands/init.go:310.2,310.39 1 1
github.com/deepakkumarnarayana/timemachine-cli/internal/commands/init.go:310.39,311.60 1 1
github.com/deepakkumarnarayana/timemachine-cli/internal/commands/init.go:311.60,313.4 1 0
github.com/deepakkumarnarayana/timemachine-cli/internal/commands/init.go:316.2,316.39 1 1
github.com/deepakkumarnarayana/timemachine-cli/internal/commands/init.go:316.39,318.3 1 0
github.com/deepakkumarnarayana/timemachine-cli/internal/commands/init.go:321.2,321.49 1 1
github.com/deepakkumarnarayana/timemachine-cli/internal/commands/init.go:321.49,323.3 1 0
github.com/deepakkumarnarayana/timemachine-cli/internal/commands/init.go:325.2,325.12 1 1
github.com/deepakkumarnarayana/timemachine-cli/internal/commands/inspect.go:17.41,18.16 1 1
github.com/deepakkumarnarayana/timemachine-cli/internal/commands/inspect.go:18.16,20.3 1 1
github.com/deepakkumarnarayana/timemachine-cli/internal/commands/inspect.go:22.2,23.16 2 1
github.com/deepakkumarnarayana/timemachine-cli/internal/commands/inspect.go:23.16,25.3 1 0
github.com/deepakkumarnarayana/timemachine-cli/internal/commands/inspect.go:26.2,26.14 1 1
github.com/deepakkumarnarayana/timemachine-cli/internal/commands/inspect.go:26.14,28.3 1 1
github.com/deepakkumarnarayana/timemachine-cli/internal/commands/inspect.go:29.2,29.12 1 1
github.com/deepakkumarnarayana/timemachine-cli/internal/commands/inspect.go:33.52,34.16 1 1
github.com/deepakkumarnarayana/timemachine-cli/internal/commands/inspect.go:34.16,36.3 1 1
github.com/deepakkumarnarayana/timemachine-cli/internal/commands/inspect.go:39.2,39.34 1 1
github.com/deepakkumarnarayana/timemachine-cli/internal/commands/inspect.go:39.34,41.3 1 1
github.com/deepakkumarnarayana/timemachine-cli/internal/commands/inspect.go:44.2,44.26 1 1
github.com/deepakkumarnarayana/timemachine-cli/internal/commands/inspect.go:44.26,46.3 1 1
github.com/deepakkumarnarayana/timemachine-cli/internal/commands/inspect.go:49.2,52.37 2 1
github.com/deepakkumarnarayana/timemachine-cli/internal/commands/inspect.go:52.37,54.3 1 0
github.com/deepakkumarnarayana/timemachine-cli/internal/commands/inspect.go:56.2,56.21 1 1
github.com/deepakkumarnarayana/timemachine-cli/internal/commands/inspect.go:60.34,82.55 2 0
github.com/deepakkumarnarayana/timemachine-cli/internal/commands/inspect.go:82.55,84.4 1 0
github.com/deepakkumarnarayana/timemachine-cli/internal/commands/inspect.go:87.2,93.12 6 0
github.com/deepakkumarnarayana/timemachine-cli/internal/commands/inspect.go:96.128,99.16 2 0
github.com/deepakkumarnarayana/timemachine-cli/internal/commands/inspect.go:99.16,101.3 1 0
github.com/deepakkumarnarayana/timemachine-cli/internal/commands/inspect.go:102.2,106.16 3 0
github.com/deepakkumarnarayana/timemachine-cli/internal/commands/inspect.go:106.16,108.3 1 0
github.com/deepakkumarnarayana/timemachine-cli/internal/commands/inspect.go:110.2,110.26 1 0
github.com/deepakkumarnarayana/timemachine-cli/internal/commands/inspect.go:110.26,114.3 3 0
github.com/deepakkumarnarayana/timemachine-cli/internal/commands/inspect.go:117.2,120.15 2 0
github.com/deepakkumarnarayana/timemachine-cli/internal/commands/inspect.go:120.15,121.52 1 0
github.com/deepakkumarnarayana/timemachine-cli/internal/commands/inspect.go:121.52,123.4 1 0
github.com/deepakkumarnarayana/timemachine-cli/internal/commands/inspect.go:124.3,124.16 1 0
github.com/deepakkumarnarayana/timemachine-cli/internal/commands/inspect.go:128.2,128.15 1 0
github.com/deepakkumarnarayana/timemachine-cli/internal/commands/inspect.go:128.15,130.3 1 0
github.com/deepakkumarnarayana/timemachine-cli/internal/commands/inspect.go:133.2,134.19 2 0
github.com/deepakkumarnarayana/timemachine-cli/internal/commands/inspect.go:134.19,137.53 2 0
github.com/deepakkumarnarayana/timemachine-cli/internal/commands/inspect.go:137.53,139.4 1 0
github.com/deepakkumarnarayana/timemachine-cli/internal/commands/inspect.go:140.8,143.17 2 0
github.com/deepakkumarnarayana/timemachine-cli/internal/commands/inspect.go:143.17,145.4 1 0
github.com/deepakkumarnarayana/timemachine-cli/internal/commands/inspect.go:146.3,146.26 1 0
github.com/deepakkumarnarayana/timemachine-cli/internal/commands/inspect.go:146.26,149.4 2 0
github.com/deepakkumarnarayana/timemachine-cli/internal/commands/inspect.go:150.3,152.53 2 0
github.com/deepakkumarnarayana/timemachine-cli/internal/commands/inspect.go:152.53,154.4 1 0
github.com/deepakkumarnarayana/timemachine-cli/internal/commands/inspect.go:158.2,158.37 1 0
github.com/deepakkumarnarayana/timemachine-cli/internal/commands/inspect.go:158.37,160.3 1 0
github.com/deepakkumarnarayana/timemachine-cli/internal/commands/inspect.go:163.2,163.64 1 0
github.com/deepakkumarnarayana/timemachine-cli/internal/commands/inspect.go:163.64,165.3 1 0
github.com/deepakkumarnarayana/timemachine-cli/internal/commands/inspect.go:168.2,168.71 1 0
github.com/deepakkumarnarayana/timemachine-cli/internal/commands/inspect.go:168.71,170.3 1 0
github.com/deepakkumarnarayana/timemachine-cli/internal/commands/inspect.go:173.2,173.72 1 0
github.com/deepakkumarnarayana/timemachine-cli/internal/commands/inspect.go:173.72,175.3 1 0
github.com/deepakkumarnarayana/timemachine-cli/internal/commands/inspect.go:178.2,178.25 1 0
github.com/deepakkumarnarayana/timemachine-cli/internal/commands/inspect.go:178.25,179.73 1 0
github.com/deepakkumarnarayana/timemachine-cli/internal/commands/inspect.go:179.73,181.4 1 0
github.com/deepakkumarnarayana/timemachine-cli/internal/commands/inspect.go:185.2,185.13 1 0
github.com/deepakkumarnarayana/timemachine-cli/internal/commands/inspect.go:185.13,186.70 1 0
github.com/deepakkumarnarayana/timemachine-cli/internal/commands/inspect.go:186.70,188.4 1 0
github.com/deepakkumarnarayana/timemachine-cli/internal/commands/inspect.go:191.2,191.12 1 0
github.com/deepakkumarnarayana/timemachine-cli/internal/commands/inspect.go:194.54,200.49 4 0
github.com/deepakkumarnarayana/timemachine-cli/internal/commands/inspect.go:200.49,202.3 1 0
github.com/deepakkumarnarayana/timemachine-cli/internal/commands/inspect.go:205.2,206.51 2 0
github.com/deepakkumarnarayana/timemachine-cli/internal/commands/inspect.go:206.51,208.30 2 0
github.com/deepakkumarnarayana/timemachine-cli/internal/commands/inspect.go:208.30,210.18 2 0
github.com/deepakkumarnarayana/timemachine-cli/internal/commands/inspect.go:210.18,212.5 1 0
github.com/deepakkumarnarayana/timemachine-cli/internal/commands/inspect.go:217.2,218.50 2 0
github.com/deepakkumarnarayana/timemachine-cli/internal/commands/inspect.go:218.50,221.3 2 0
github.com/deepakkumarnarayana/timemachine-cli/internal/commands/inspect.go:223.2,223.12 1 0
github.com/deepakkumarnarayana/timemachine-cli/internal/commands/inspect.go:226.68,234.45 4 0
github.com/deepakkumarnarayana/timemachine-cli/internal/commands/inspect.go:234.45,236.22 2 0
github.com/deepakkumarnarayana/timemachine-cli/internal/commands/inspect.go:236.22,240.4 3 0
github.com/deepakkumarnarayana/timemachine-cli/internal/commands/inspect.go:242.2,244.12 2 0
github.com/deepakkumarnarayana/timemachine-cli/internal/commands/inspect.go:247.82,255.22 4 0
github.com/deepakkumarnarayana/timemachine-cli/internal/commands/inspect.go:255.22,257.3 1 0
github.com/deepakkumarnarayana/timemachine-cli/internal/commands/inspect.go:259.2,261.16 3 0
github.com/deepakkumarnarayana/timemachine-cli/internal/commands/inspect.go:261.16,263.3 1 0
github.com/deepakkumarnarayana/timemachine-cli/internal/commands/inspect.go:266.2,269.29 3 0
github.com/deepakkumarnarayana/timemachine-cli/internal/commands/inspect.go:269.29,273.44 2 0
github.com/deepakkumarnarayana/timemachine-cli/internal/commands/inspect.go:273.44,274.12 1 0
github.com/deepakkumarnarayana/timemachine-cli/internal/commands/inspect.go:278.3,279.22 2 0
github.com/deepakkumarnarayana/timemachine-cli/internal/commands/inspect.go:279.22,287.18 6 0
github.com/deepakkumarnarayana/timemachine-cli/internal/commands/inspect.go:288.13,290.25 2 0
github.com/deepakkumarnarayana/timemachine-cli/internal/commands/inspect.go:291.13,293.28 2 0
github.com/deepakkumarnarayana/timemachine-cli/internal/commands/inspect.go:294.13,296.27 2 0
github.com/deepakkumarnarayana/timemachine-cli/internal/commands/inspect.go:297.13,299.27 2 0
github.com/deepakkumarnarayana/timemachine-cli/internal/commands/inspect.go:300.12,302.24 2 0
github.com/deepakkumarnarayana/timemachine-cli/internal/commands/inspect.go:305.4,306.34 2 0
github.com/deepakkumarnarayana/timemachine-cli/internal/commands/inspect.go:310.2,310.20 1 0
github.com/deepakkumarnarayana/timemachine-cli/internal/commands/inspect.go:310.20,312.23 2 0
github.com/deepakkumarnarayana/timemachine-cli/internal/commands/inspect.go:312.23,314.4 1 0
github.com/deepakkumarnarayana/timemachine-cli/internal/commands/inspect.go:315.8,317.3 1 0
github.com/deepakkumarnarayana/timemachine-cli/internal/commands/inspect.go:318.2,320.12 2 0
github.com/deepakkumarnarayana/timemachine-cli/internal/commands/inspect.go:323.83,328.22 2 0
github.com/deepakkumarnarayana/timemachine-cli/internal/commands/inspect.go:328.22,330.3 1 0
github.com/deepakkumarnarayana/timemachine-cli/internal/commands/inspect.go:332.2,334.16 3 0
github.com/deepakkumarnarayana/timemachine-cli/internal/commands/inspect.go:334.16,336.3 1 0
github.com/deepakkumarnarayana/timemachine-cli/internal/commands/inspect.go:339.2,342.29 3 0
github.com/deepakkumarnarayana/timemachine-cli/internal/commands/inspect.go:342.29,346.44 2 0
github.com/deepakkumarnarayana/timemachine-cli/internal/commands/inspect.go:346.44,347.12 1 0
github.com/deepakkumarnarayana/timemachine-cli/internal/commands/inspect.go:350.3,351.41 2 0
github.com/deepakkumarnarayana/timemachine-cli/internal/commands/inspect.go:351.41,353.4 1 0
github.com/deepakkumarnarayana/timemachine-cli/internal/commands/inspect.go:356.2,356.28 1 0
github.com/deepakkumarnarayana/timemachine-cli/internal/commands/inspect.go:356.28,358.3 1 0
github.com/deepakkumarnarayana/timemachine-cli/internal/commands/inspect.go:360.2,363.40 3 0
github.com/deepakkumarnarayana/timemachine-cli/internal/commands/inspect.go:363.40,367.17 3 0
github.com/deepakkumarnarayana/timemachine-cli/internal/commands/inspect.go:367.17,368.12 1 0
github.com/deepakkumarnarayana/timemachine-cli/internal/commands/inspect.go:371.3,372.19 2 0
github.com/deepakkumarnarayana/timemachine-cli/internal/commands/inspect.go:372.19,373.12 1 0
github.com/deepakkumarnarayana/timemachine-cli/internal/commands/inspect.go:377.3,379.17 3 0
github.com/deepakkumarnarayana/timemachine-cli/internal/commands/inspect.go:379.17,381.12 2 0
github.com/deepakkumarnarayana/timemachine-cli/internal/commands/inspect.go:384.3,389.44 4 0
github.com/deepakkumarnarayana/timemachine-cli/internal/commands/inspect.go:389.44,390.52 1 0
github.com/deepakkumarnarayana/timemachine-cli/internal/commands/inspect.go:390.52,393.5 2 0
github.com/deepakkumarnarayana/timemachine-cli/internal/commands/inspect.go:395.3,395.16 1 0
github.com/deepakkumarnarayana/timemachine-cli/internal/commands/inspect.go:398.2,398.12 1 0
github.com/deepakkumarnarayana/timemachine-cli/internal/commands/inspect.go:401.83,409.22 4 0
github.com/deepakkumarnarayana/timemachine-cli/internal/commands/inspect.go:409.22,411.3 1 0
github.com/deepakkumarnarayana/timemachine-cli/internal/commands/inspect.go:413.2,415.16 3 0
github.com/deepakkumarnarayana/timemachine-cli/internal/commands/inspect.go:415.16,417.3 1 0
github.com/deepakkumarnarayana/timemachine-cli/internal/commands/inspect.go:420.2,425.29 5 0
github.com/deepakkumarnarayana/timemachine-cli/internal/commands/inspect.go:425.29,426.44 1 0
github.com/deepakkumarnarayana/timemachine-cli/internal/commands/inspect.go:426.44,430.23 3 0
github.com/deepakkumarnarayana/timemachine-cli/internal/commands/inspect.go:430.23,432.5 1 0
github.com/deepakkumarnarayana/timemachine-cli/internal/commands/inspect.go:433.4,433.20 1 0
github.com/deepakkumarnarayana/timemachine-cli/internal/commands/inspect.go:434.9,434.58 1 0
github.com/deepakkumarnarayana/timemachine-cli/internal/commands/inspect.go:434.58,437.4 2 0
github.com/deepakkumarnarayana/timemachine-cli/internal/commands/inspect.go:437.9,437.54 1 0
github.com/deepakkumarnarayana/timemachine-cli/internal/commands/inspect.go:437.54,440.4 2 0
github.com/deepakkumarnarayana/timemachine-cli/internal/commands/inspect.go:440.9,440.43 1 0
github.com/deepakkumarnarayana/timemachine-cli/internal/commands/inspect.go:440.43,441.42 1 0
github.com/deepakkumarnarayana/timemachine-cli/internal/commands/inspect.go:441.42,443.5 1 0
github.com/deepakkumarnarayana/timemachine-cli/internal/commands/inspect.go:444.4,444.20 1 0
github.com/deepakkumarnarayana/timemachine-cli/internal/commands/inspect.go:445.9,445.42 1 0
github.com/deepakkumarnarayana/timemachine-cli/internal/commands/inspect.go:445.42,447.4 1 0
github.com/deepakkumarnarayana/timemachine-cli/internal/commands/inspect.go:447.9,447.42 1 0
github.com/deepakkumarnarayana/timemachine-cli/internal/commands/inspect.go:447.42,448.21 1 0
github.com/deepakkumarnarayana/timemachine-cli/internal/commands/inspect.go:448.21,452.5 2 0
github.com/deepakkumarnarayana/timemachine-cli/internal/commands/inspect.go:452.10,454.5 1 0
github.com/deepakkumarnarayana/timemachine-cli/internal/commands/inspect.go:455.9,455.27 1 0
github.com/deepakkumarnarayana/timemachine-cli/internal/commands/inspect.go:455.27,457.4 1 0
github.com/deepakkumarnarayana/timemachine-cli/internal/commands/inspect.go:460.3,460.61 1 0
github.com/deepakkumarnarayana/timemachine-cli/internal/commands/inspect.go:460.61,462.4 1 0
github.com/deepakkumarnarayana/timemachine-cli/internal/commands/inspect.go:465.2,465.12 1 0
github.com/deepakkumarnarayana/timemachine-cli/internal/commands/inspect.go:468.73,477.45 5 0
github.com/deepakkumarnarayana/timemachine-cli/internal/commands/inspect.go:477.45,480.30 3 0
github.com/deepakkumarnarayana/timemachine-cli/internal/commands/inspect.go:480.30,481.72 1 0
github.com/deepakkumarnarayana/timemachine-cli/internal/commands/inspect.go:481.72,483.5 1 0
github.com/deepakkumarnarayana/timemachine-cli/internal/commands/inspect.go:488.2,489.45 2 0
github.com/deepakkumarnarayana/timemachine-cli/internal/commands/inspect.go:489.45,491.19 2 0
github.com/deepakkumarnarayana/timemachine-cli/internal/commands/inspect.go:491.19,493.4 1 0
github.com/deepakkumarnarayana/timemachine-cli/internal/commands/inspect.go:497.2,498.45 2 0
github.com/deepakkumarnarayana/timemachine-cli/internal/commands/inspect.go:498.45,500.53 2 0
github.com/deepakkumarnarayana/timemachine-cli/internal/commands/inspect.go:500.53,502.4 1 0
github.com/deepakkumarnarayana/timemachine-cli/internal/commands/inspect.go:505.2,505.12 1 0
github.com/deepakkumarnarayana/timemachine-cli/internal/commands/inspect.go:508.58,511.2 2 0
github.com/deepakkumarnarayana/timemachine-cli/internal/commands/inspect.go:513.38,515.18 2 0
github.com/deepakkumarnarayana/timemachine-cli/internal/commands/inspect.go:515.18,517.3 1 0
github.com/deepakkumarnarayana/timemachine-cli/internal/commands/inspect.go:518.2,519.46 2 0
github.com/deepakkumarnarayana/timemachine-cli/internal/commands/inspect.go:519.46,522.3 2 0
github.com/deepakkumarnarayana/timemachine-cli/internal/commands/inspect.go:523.2,523.76 1 0
github.com/deepakkumarnarayana/timemachine-cli/internal/commands/inspect.go:526.99,528.56 1 0
github.com/deepakkumarnarayana/timemachine-cli/internal/commands/inspect.go:528.56,530.3 1 0
github.com/deepakkumarnarayana/timemachine-cli/internal/commands/inspect.go:531.2,532.22 2 0
github.com/deepakkumarnarayana/timemachine-cli/internal/commands/inspect.go:532.22,534.3 1 0
github.com/deepakkumarnarayana/timemachine-cli/internal/commands/inspect.go:534.8,536.3 1 0
github.com/deepakkumarnarayana/timemachine-cli/internal/commands/inspect.go:537.2,541.22 3 0
github.com/deepakkumarnarayana/timemachine-cli/internal/commands/inspect.go:541.22,545.3 1 0
github.com/deepakkumarnarayana/timemachine-cli/internal/commands/inspect.go:545.8,549.3 1 0
github.com/deepakkumarnarayana/timemachine-cli/internal/commands/inspect.go:551.2,553.16 3 0
github.com/deepakkumarnarayana/timemachine-cli/internal/commands/inspect.go:553.16,555.3 1 0
github.com/deepakkumarnarayana/timemachine-cli/internal/commands/inspect.go:557.2,558.39 2 0
github.com/deepakkumarnarayana/timemachine-cli/internal/commands/inspect.go:558.39,560.23 2 0
github.com/deepakkumarnarayana/timemachine-cli/internal/commands/inspect.go:560.23,562.4 1 0
github.com/deepakkumarnarayana/timemachine-cli/internal/commands/inspect.go:563.3,563.13 1 0
github.com/deepakkumarnarayana/timemachine-cli/internal/commands/inspect.go:566.2,568.29 2 0
github.com/deepakkumarnarayana/timemachine-cli/internal/commands/inspect.go:568.29,570.22 2 0
github.com/deepakkumarnarayana/timemachine-cli/internal/commands/inspect.go:570.22,571.12 1 0
github.com/deepakkumarnarayana/timemachine-cli/internal/commands/inspect.go:574.3,582.26 6 0
github.com/deepakkumarnarayana/timemachine-cli/internal/commands/inspect.go:582.26,583.68 1 0
github.com/deepakkumarnarayana/timemachine-cli/internal/commands/inspect.go:583.68,585.5 1 0
github.com/deepakkumarnarayana/timemachine-cli/internal/commands/inspect.go:586.9,588.67 1 0
github.com/deepakkumarnarayana/timemachine-cli/internal/commands/inspect.go:588.67,590.5 1 0
github.com/deepakkumarnarayana/timemachine-cli/internal/commands/inspect.go:593.3,593.39 1 0
github.com/deepakkumarnarayana/timemachine-cli/internal/commands/inspect.go:597.2,597.47 1 0
github.com/deepakkumarnarayana/timemachine-cli/internal/commands/inspect.go:597.47,598.70 1 0
github.com/deepakkumarnarayana/timemachine-cli/internal/commands/inspect.go:598.70,600.4 1 0
github.com/deepakkumarnarayana/timemachine-cli/internal/commands/inspect.go:603.2,603.12 1 0
github.com/deepakkumarnarayana/timemachine-cli/internal/commands/inspect.go:606.77,617.16 7 0
github.com/deepakkumarnarayana/timemachine-cli/internal/commands/inspect.go:617.16,619.3 1 0
github.com/deepakkumarnarayana/timemachine-cli/internal/commands/inspect.go:621.2,624.29 3 0
github.com/deepakkumarnarayana/timemachine-cli/internal/commands/inspect.go:624.29,626.17 2 0
github.com/deepakkumarnarayana/timemachine-cli/internal/commands/inspect.go:626.17,627.12 1 0
github.com/deepakkumarnarayana/timemachine-cli/internal/commands/inspect.go:630.3,630.34 1 0
github.com/deepakkumarnarayana/timemachine-cli/internal/commands/inspect.go:630.34,633.23 2 0
github.com/deepakkumarnarayana/timemachine-cli/internal/commands/inspect.go:633.23,636.5 2 0
github.com/deepakkumarnarayana/timemachine-cli/internal/commands/inspect.go:637.9,640.23 2 0
github.com/deepakkumarnarayana/timemachine-cli/internal/commands/inspect.go:640.23,644.19 3 0
github.com/deepakkumarnarayana/timemachine-cli/internal/commands/inspect.go:645.14,646.55 1 0
github.com/deepakkumarnarayana/timemachine-cli/internal/commands/inspect.go:647.14,648.63 1 0
github.com/deepakkumarnarayana/timemachine-cli/internal/commands/inspect.go:649.14,650.60 1 0
github.com/deepakkumarnarayana/timemachine-cli/internal/commands/inspect.go:651.17,652.57 1 0
github.com/deepakkumarnarayana/timemachine-cli/internal/commands/inspect.go:653.13,654.44 1 0
github.com/deepakkumarnarayana/timemachine-cli/internal/commands/inspect.go:660.2,660.12 1 0
github.com/deepakkumarnarayana/timemachine-cli/internal/commands/list.go:13.31,25.55 2 0
github.com/deepakkumarnarayana/timemachine-cli/internal/commands/list.go:25.55,27.4 1 0
github.com/deepakkumarnarayana/timemachine-cli/internal/commands/list.go:31.2,34.12 3 0
github.com/deepakkumarnarayana/timemachine-cli/internal/commands/list.go:37.48,40.16 2 0
github.com/deepakkumarnarayana/timemachine-cli/internal/commands/list.go:40.16,42.3 1 0
github.com/deepakkumarnarayana/timemachine-cli/internal/commands/list.go:45.2,45.26 1 0
github.com/deepakkumarnarayana/timemachine-cli/internal/commands/list.go:45.26,49.3 3 0
github.com/deepakkumarnarayana/timemachine-cli/internal/commands/list.go:52.2,56.16 3 0
github.com/deepakkumarnarayana/timemachine-cli/internal/commands/list.go:56.16,58.3 1 0
github.com/deepakkumarnarayana/timemachine-cli/internal/commands/list.go:61.2,61.25 1 0
github.com/deepakkumarnarayana/timemachine-cli/internal/commands/list.go:61.25,63.21 2 0
github.com/deepakkumarnarayana/timemachine-cli/internal/commands/list.go:63.21,65.4 1 0
github.com/deepakkumarnarayana/timemachine-cli/internal/commands/list.go:65.9,67.4 1 0
github.com/deepakkumarnarayana/timemachine-cli/internal/commands/list.go:68.3,68.13 1 0
github.com/deepakkumarnarayana/timemachine-cli/internal/commands/list.go:72.2,76.37 3 0
github.com/deepakkumarnarayana/timemachine-cli/internal/commands/list.go:76.37,79.25 2 0
github.com/deepakkumarnarayana/timemachine-cli/internal/commands/list.go:79.25,81.4 1 0
github.com/deepakkumarnarayana/timemachine-cli/internal/commands/list.go:84.3,88.4 1 0
github.com/deepakkumarnarayana/timemachine-cli/internal/commands/list.go:92.2,93.20 2 0
github.com/deepakkumarnarayana/timemachine-cli/internal/commands/list.go:93.20,95.3 1 0
github.com/deepakkumarnarayana/timemachine-cli/internal/commands/list.go:95.8,97.3 1 0
github.com/deepakkumarnarayana/timemachine-cli/internal/commands/list.go:98.2,102.12 4 0
github.com/deepakkumarnarayana/timemachine-cli/internal/commands/restore.go:15.34,32.55 2 0
github.com/deepakkumarnarayana/timemachine-cli/internal/commands/restore.go:32.55,34.4 1 0
github.com/deepakkumarnarayana/timemachine-cli/internal/commands/restore.go:38.2,41.12 3 0
github.com/deepakkumarnarayana/timemachine-cli/internal/commands/restore.go:44.64,47.16 2 0
github.com/deepakkumarnarayana/timemachine-cli/internal/commands/restore.go:47.16,49.3 1 0
github.com/deepakkumarnarayana/timemachine-cli/internal/commands/restore.go:52.2,52.26 1 0
github.com/deepakkumarnarayana/timemachine-cli/internal/commands/restore.go:52.26,56.3 3 0
github.com/deepakkumarnarayana/timemachine-cli/internal/commands/restore.go:59.2,63.16 3 0
github.com/deepakkumarnarayana/timemachine-cli/internal/commands/restore.go:63.16,68.3 4 0
github.com/deepakkumarnarayana/timemachine-cli/internal/commands/restore.go:71.2,72.16 2 0
github.com/deepakkumarnarayana/timemachine-cli/internal/commands/restore.go:72.16,74.3 1 0
github.com/deepakkumarnarayana/timemachine-cli/internal/commands/restore.go:76.2,77.37 2 0
github.com/deepakkumarnarayana/timemachine-cli/internal/commands/restore.go:77.37,78.70 1 0
github.com/deepakkumarnarayana/timemachine-cli/internal/commands/restore.go:78.70,80.9 2 0
github.com/deepakkumarnarayana/timemachine-cli/internal/commands/restore.go:84.2,84.27 1 0
github.com/deepakkumarnarayana/timemachine-cli/internal/commands/restore.go:84.27,87.3 2 0
github.com/deepakkumarnarayana/timemachine-cli/internal/commands/restore.go:90.2,97.21 7 0
github.com/deepakkumarnarayana/timemachine-cli/internal/commands/restore.go:97.21,100.3 2 0
github.com/deepakkumarnarayana/timemachine-cli/internal/commands/restore.go:100.8,102.30 2 0
github.com/deepakkumarnarayana/timemachine-cli/internal/commands/restore.go:102.30,104.4 1 0
github.com/deepakkumarnarayana/timemachine-cli/internal/commands/restore.go:105.3,105.73 1 0
github.com/deepakkumarnarayana/timemachine-cli/internal/commands/restore.go:108.2,113.12 4 0
github.com/deepakkumarnarayana/timemachine-cli/internal/commands/restore.go:113.12,119.17 5 0
github.com/deepakkumarnarayana/timemachine-cli/internal/commands/restore.go:119.17,121.4 1 0
github.com/deepakkumarnarayana/timemachine-cli/internal/commands/restore.go:123.3,124.43 2 0
github.com/deepakkumarnarayana/timemachine-cli/internal/commands/restore.go:124.43,127.4 2 0
github.com/deepakkumarnarayana/timemachine-cli/internal/commands/restore.go:131.2,135.16 4 0
github.com/deepakkumarnarayana/timemachine-cli/internal/commands/restore.go:135.16,138.3 2 0
github.com/deepakkumarnarayana/timemachine-cli/internal/commands/restore.go:140.2,143.21 3 0
github.com/deepakkumarnarayana/timemachine-cli/internal/commands/restore.go:143.21,145.3 1 0
github.com/deepakkumarnarayana/timemachine-cli/internal/commands/restore.go:145.8,147.3 1 0
github.com/deepakkumarnarayana/timemachine-cli/internal/commands/restore.go:149.2,155.12 6 0
github.com/deepakkumarnarayana/timemachine-cli/internal/commands/show.go:13.31,23.55 1 0
github.com/deepakkumarnarayana/timemachine-cli/internal/commands/show.go:23.55,25.4 1 0
github.com/deepakkumarnarayana/timemachine-cli/internal/commands/show.go:29.33,32.16 2 0
github.com/deepakkumarnarayana/timemachine-cli/internal/commands/show.go:32.16,34.3 1 0
github.com/deepakkumarnarayana/timemachine-cli/internal/commands/show.go:37.2,37.26 1 0
github.com/deepakkumarnarayana/timemachine-cli/internal/commands/show.go:37.26,41.3 3 0
github.com/deepakkumarnarayana/timemachine-cli/internal/commands/show.go:44.2,48.16 3 0
github.com/deepakkumarnarayana/timemachine-cli/internal/commands/show.go:48.16,49.99 1 0
github.com/deepakkumarnarayana/timemachine-cli/internal/commands/show.go:49.99,54.4 4 0
github.com/deepakkumarnarayana/timemachine-cli/internal/commands/show.go:55.3,55.64 1 0
github.com/deepakkumarnarayana/timemachine-cli/internal/commands/show.go:59.2,66.29 5 0
github.com/deepakkumarnarayana/timemachine-cli/internal/commands/show.go:66.29,68.41 1 0
github.com/deepakkumarnarayana/timemachine-cli/internal/commands/show.go:68.41,70.4 1 0
github.com/deepakkumarnarayana/timemachine-cli/internal/commands/show.go:70.9,70.49 1 0
github.com/deepakkumarnarayana/timemachine-cli/internal/commands/show.go:70.49,72.4 1 0
github.com/deepakkumarnarayana/timemachine-cli/internal/commands/show.go:72.9,72.53 1 0
github.com/deepakkumarnarayana/timemachine-cli/internal/commands/show.go:72.53,74.4 1 0
github.com/deepakkumarnarayana/timemachine-cli/internal/commands/show.go:74.9,74.49 1 0
github.com/deepakkumarnarayana/timemachine-cli/internal/commands/show.go:74.49,76.4 1 0
github.com/deepakkumarnarayana/timemachine-cli/internal/commands/show.go:76.9,76.53 1 0
github.com/deepakkumarnarayana/timemachine-cli/internal/commands/show.go:76.53,78.4 1 0
github.com/deepakkumarnarayana/timemachine-cli/internal/commands/show.go:78.9,78.39 1 0
github.com/deepakkumarnarayana/timemachine-cli/internal/commands/show.go:78.39,81.4 1 0
github.com/deepakkumarnarayana/timemachine-cli/internal/commands/show.go:81.9,85.18 1 0
github.com/deepakkumarnarayana/timemachine-cli/internal/commands/show.go:85.18,91.4 4 0
github.com/deepakkumarnarayana/timemachine-cli/internal/commands/show.go:91.9,91.24 1 0
github.com/deepakkumarnarayana/timemachine-cli/internal/commands/show.go:91.24,92.18 1 0
github.com/deepakkumarnarayana/timemachine-cli/internal/commands/show.go:92.18,93.13 1 0
github.com/deepakkumarnarayana/timemachine-cli/internal/commands/show.go:95.4,95.26 1 0
github.com/deepakkumarnarayana/timemachine-cli/internal/commands/show.go:96.9,96.45 1 0
github.com/deepakkumarnarayana/timemachine-cli/internal/commands/show.go:96.45,99.21 2 0
github.com/deepakkumarnarayana/timemachine-cli/internal/commands/show.go:99.21,102.5 2 0
github.com/deepakkumarnarayana/timemachine-cli/internal/commands/show.go:106.2,109.12 3 0
github.com/deepakkumarnarayana/timemachine-cli/internal/commands/show.go:113.36,114.16 1 0
github.com/deepakkumarnarayana/timemachine-cli/internal/commands/show.go:114.16,116.3 1 0
github.com/deepakkumarnarayana/timemachine-cli/internal/commands/show.go:118.2,119.20 2 0
github.com/deepakkumarnarayana/timemachine-cli/internal/commands/show.go:119.20,121.3 1 0
github.com/deepakkumarnarayana/timemachine-cli/internal/commands/show.go:123.2,126.16 3 0
github.com/deepakkumarnarayana/timemachine-cli/internal/commands/show.go:127.11,128.42 1 0
github.com/deepakkumarnarayana/timemachine-cli/internal/commands/show.go:129.11,130.46 1 0
github.com/deepakkumarnarayana/timemachine-cli/internal/commands/show.go:131.11,132.42 1 0
github.com/deepakkumarnarayana/timemachine-cli/internal/commands/show.go:133.11,134.22 1 0
github.com/deepakkumarnarayana/timemachine-cli/internal/commands/show.go:134.22,136.4 1 0
github.com/deepakkumarnarayana/timemachine-cli/internal/commands/show.go:137.11,138.22 1 0
github.com/deepakkumarnarayana/timemachine-cli/internal/commands/show.go:138.22,140.4 1 0
github.com/deepakkumarnarayana/timemachine-cli/internal/commands/show.go:141.10,142.44 1 0
github.com/deepakkumarnarayana/timemachine-cli/internal/commands/start.go:15.32,30.2 1 0
github.com/deepakkumarnarayana/timemachine-cli/internal/commands/start.go:32.56,35.16 2 0
github.com/deepakkumarnarayana/timemachine-cli/internal/commands/start.go:35.16,37.3 1 0
github.com/deepakkumarnarayana/timemachine-cli/internal/commands/start.go:40.2,40.26 1 0
github.com/deepakkumarnarayana/timemachine-cli/internal/commands/start.go:40.26,44.3 3 0
github.com/deepakkumarnarayana/timemachine-cli/internal/commands/start.go:47.2,51.16 3 0
github.com/deepakkumarnarayana/timemachine-cli/internal/commands/start.go:51.16,53.3 1 0
github.com/deepakkumarnarayana/timemachine-cli/internal/commands/start.go:56.2,61.12 4 0
github.com/deepakkumarnarayana/timemachine-cli/internal/commands/start.go:61.12,62.41 1 0
github.com/deepakkumarnarayana/timemachine-cli/internal/commands/start.go:62.41,64.4 1 0
github.com/deepakkumarnarayana/timemachine-cli/internal/commands/start.go:68.2,68.9 1 0
github.com/deepakkumarnarayana/timemachine-cli/internal/commands/start.go:69.24,73.13 4 0
github.com/deepakkumarnarayana/timemachine-cli/internal/commands/start.go:75.24,77.46 2 0
github.com/deepakkumarnarayana/timemachine-cli/internal/commands/status.go:15.33,29.55 2 0
github.com/deepakkumarnarayana/timemachine-cli/internal/commands/status.go:29.55,31.4 1 0
github.com/deepakkumarnarayana/timemachine-cli/internal/commands/status.go:34.2,36.12 2 0
github.com/deepakkumarnarayana/timemachine-cli/internal/commands/status.go:39.36,42.16 2 0
github.com/deepakkumarnarayana/timemachine-cli/internal/commands/status.go:42.16,47.3 4 0
github.com/deepakkumarnarayana/timemachine-cli/internal/commands/status.go:50.2,55.13 4 0
github.com/deepakkumarnarayana/timemachine-cli/internal/commands/status.go:55.13,58.3 2 0
github.com/deepakkumarnarayana/timemachine-cli/internal/commands/status.go:61.2,61.25 1 0
github.com/deepakkumarnarayana/timemachine-cli/internal/commands/status.go:61.25,63.14 2 0
github.com/deepakkumarnarayana/timemachine-cli/internal/commands/status.go:63.14,65.4 1 0
github.com/deepakkumarnarayana/timemachine-cli/internal/commands/status.go:66.8,71.3 4 0
github.com/deepakkumarnarayana/timemachine-cli/internal/commands/status.go:74.2,78.16 3 0
github.com/deepakkumarnarayana/timemachine-cli/internal/commands/status.go:78.16,81.3 2 0
github.com/deepakkumarnarayana/timemachine-cli/internal/commands/status.go:83.2,86.24 3 0
github.com/deepakkumarnarayana/timemachine-cli/internal/commands/status.go:86.24,89.25 2 0
github.com/deepakkumarnarayana/timemachine-cli/internal/commands/status.go:89.25,91.4 1 0
github.com/deepakkumarnarayana/timemachine-cli/internal/commands/status.go:93.3,94.44 2 0
github.com/deepakkumarnarayana/timemachine-cli/internal/commands/status.go:94.44,99.4 1 0
github.com/deepakkumarnarayana/timemachine-cli/internal/commands/status.go:101.3,101.36 1 0
github.com/deepakkumarnarayana/timemachine-cli/internal/commands/status.go:101.36,103.4 1 0
github.com/deepakkumarnarayana/timemachine-cli/internal/commands/status.go:104.8,106.3 1 0
github.com/deepakkumarnarayana/timemachine-cli/internal/commands/status.go:109.2,111.16 3 0
github.com/deepakkumarnarayana/timemachine-cli/internal/commands/status.go:111.16,113.3 1 0
github.com/deepakkumarnarayana/timemachine-cli/internal/commands/status.go:113.8,115.3 1 0
github.com/deepakkumarnarayana/timemachine-cli/internal/commands/status.go:118.2,123.46 4 0
github.com/deepakkumarnarayana/timemachine-cli/internal/commands/status.go:123.46,125.3 1 0
github.com/deepakkumarnarayana/timemachine-cli/internal/commands/status.go:125.8,127.3 1 0
github.com/deepakkumarnarayana/timemachine-cli/internal/commands/status.go:130.2,131.34 2 0
github.com/deepakkumarnarayana/timemachine-cli/internal/commands/status.go:131.34,133.3 1 0
github.com/deepakkumarnarayana/timemachine-cli/internal/commands/status.go:133.8,135.3 1 0
github.com/deepakkumarnarayana/timemachine-cli/internal/commands/status.go:138.2,138.13 1 0
github.com/deepakkumarnarayana/timemachine-cli/internal/commands/status.go:138.13,142.3 3 0
github.com/deepakkumarnarayana/timemachine-cli/internal/commands/status.go:145.2,151.12 6 0
github.com/deepakkumarnarayana/timemachine-cli/internal/commands/status.go:154.25,161.2 6 0
github.com/deepakkumarnarayana/timemachine-cli/internal/commands/status.go:164.59,166.16 2 0
github.com/deepakkumarnarayana/timemachine-cli/internal/commands/status.go:166.16,168.3 1 0
github.com/deepakkumarnarayana/timemachine-cli/internal/commands/status.go:170.2,170.65 1 0
github.com/deepakkumarnarayana/timemachine-cli/internal/commands/status.go:173.47,175.16 2 0
github.com/deepakkumarnarayana/timemachine-cli/internal/commands/status.go:175.16,177.3 1 0
github.com/deepakkumarnarayana/timemachine-cli/internal/commands/status.go:179.2,179.61 1 0
github.com/deepakkumarnarayana/timemachine-cli/internal/commands/status.go:182.76,196.16 7 0
github.com/deepakkumarnarayana/timemachine-cli/internal/commands/status.go:196.16,197.17 1 0
github.com/deepakkumarnarayana/timemachine-cli/internal/commands/status.go:197.17,199.4 1 0
github.com/deepakkumarnarayana/timemachine-cli/internal/commands/status.go:199.9,201.4 1 0
github.com/deepakkumarnarayana/timemachine-cli/internal/commands/status.go:205.64,214.2 1 0
github.com/deepakkumarnarayana/timemachine-cli/internal/config/config.go:69.28,80.2 3 1
github.com/deepakkumarnarayana/timemachine-cli/internal/config/config.go:87.50,89.56 1 1
github.com/deepakkumarnarayana/timemachine-cli/internal/config/config.go:89.56,91.3 1 0
github.com/deepakkumarnarayana/timemachine-cli/internal/config/config.go:94.2,97.47 2 1
github.com/deepakkumarnarayana/timemachine-cli/internal/config/config.go:97.47,98.56 1 1
github.com/deepakkumarnarayana/timemachine-cli/internal/config/config.go:98.56,100.4 1 1
github.com/deepakkumarnarayana/timemachine-cli/internal/config/config.go:104.2,104.52 1 1
github.com/deepakkumarnarayana/timemachine-cli/internal/config/config.go:104.52,106.3 1 1
github.com/deepakkumarnarayana/timemachine-cli/internal/config/config.go:109.2,109.55 1 1
github.com/deepakkumarnarayana/timemachine-cli/internal/config/config.go:109.55,111.3 1 1
github.com/deepakkumarnarayana/timemachine-cli/internal/config/config.go:113.2,113.12 1 1
github.com/deepakkumarnarayana/timemachine-cli/internal/config/config.go:117.33,119.2 1 1
github.com/deepakkumarnarayana/timemachine-cli/internal/config/config.go:122.43,124.2 1 1
github.com/deepakkumarnarayana/timemachine-cli/internal/config/config.go:127.62,138.23 3 1
github.com/deepakkumarnarayana/timemachine-cli/internal/config/config.go:138.23,143.52 3 1
github.com/deepakkumarnarayana/timemachine-cli/internal/config/config.go:143.52,145.4 1 0
github.com/deepakkumarnarayana/timemachine-cli/internal/config/config.go:149.2,149.58 1 1
github.com/deepakkumarnarayana/timemachine-cli/internal/config/config.go:149.58,151.3 1 1
github.com/deepakkumarnarayana/timemachine-cli/internal/config/config.go:154.2,154.50 1 1
github.com/deepakkumarnarayana/timemachine-cli/internal/config/config.go:154.50,156.3 1 1
github.com/deepakkumarnarayana/timemachine-cli/internal/config/config.go:159.2,161.12 2 1
github.com/deepakkumarnarayana/timemachine-cli/internal/config/config.go:166.47,189.39 2 1
github.com/deepakkumarnarayana/timemachine-cli/internal/config/config.go:189.39,191.3 1 1
github.com/deepakkumarnarayana/timemachine-cli/internal/config/config.go:195.34,225.2 20 1
github.com/deepakkumarnarayana/timemachine-cli/internal/config/config.go:228.69,232.47 2 1
github.com/deepakkumarnarayana/timemachine-cli/internal/config/config.go:232.47,234.3 1 1
github.com/deepakkumarnarayana/timemachine-cli/internal/config/config.go:237.2,278.78 2 1
github.com/deepakkumarnarayana/timemachine-cli/internal/config/config.go:278.78,280.3 1 0
github.com/deepakkumarnarayana/timemachine-cli/internal/config/config.go:282.2,282.12 1 1
github.com/deepakkumarnarayana/timemachine-cli/internal/config/validator.go:18.32,20.2 1 1
github.com/deepakkumarnarayana/timemachine-cli/internal/config/validator.go:23.52,27.57 2 1
github.com/deepakkumarnarayana/timemachine-cli/internal/config/validator.go:27.57,29.3 1 1
github.com/deepakkumarnarayana/timemachine-cli/internal/config/validator.go:32.2,32.65 1 1
github.com/deepakkumarnarayana/timemachine-cli/internal/config/validator.go:32.65,34.3 1 1
github.com/deepakkumarnarayana/timemachine-cli/internal/config/validator.go:37.2,37.61 1 1
github.com/deepakkumarnarayana/timemachine-cli/internal/config/validator.go:37.61,39.3 1 1
github.com/deepakkumarnarayana/timemachine-cli/internal/config/validator.go:42.2,42.57 1 1
github.com/deepakkumarnarayana/timemachine-cli/internal/config/validator.go:42.57,44.3 1 1
github.com/deepakkumarnarayana/timemachine-cli/internal/config/validator.go:47.2,47.55 1 1
github.com/deepakkumarnarayana/timemachine-cli/internal/config/validator.go:47.55,49.3 1 1
github.com/deepakkumarnarayana/timemachine-cli/internal/config/validator.go:51.2,51.21 1 1
github.com/deepakkumarnarayana/timemachine-cli/internal/config/validator.go:51.21,53.3 1 1
github.com/deepakkumarnarayana/timemachine-cli/internal/config/validator.go:55.2,55.12 1 1
github.com/deepakkumarnarayana/timemachine-cli/internal/config/validator.go:59.64,64.49 3 1
github.com/deepakkumarnarayana/timemachine-cli/internal/config/validator.go:64.49,67.3 1 1
github.com/deepakkumarnarayana/timemachine-cli/internal/config/validator.go:70.2,71.51 2 1
github.com/deepakkumarnarayana/timemachine-cli/internal/config/validator.go:71.51,74.3 1 1
github.com/deepakkumarnarayana/timemachine-cli/internal/config/validator.go:77.2,77.23 1 1
github.com/deepakkumarnarayana/timemachine-cli/internal/config/validator.go:77.23,78.38 1 1
github.com/deepakkumarnarayana/timemachine-cli/internal/config/validator.go:78.38,80.4 1 1
github.com/deepakkumarnarayana/timemachine-cli/internal/config/validator.go:83.2,83.21 1 1
github.com/deepakkumarnarayana/timemachine-cli/internal/config/validator.go:83.21,85.3 1 1
github.com/deepakkumarnarayana/timemachine-cli/internal/config/validator.go:87.2,87.12 1 1
github.com/deepakkumarnarayana/timemachine-cli/internal/config/validator.go:91.72,95.49 2 1
github.com/deepakkumarnarayana/timemachine-cli/internal/config/validator.go:95.49,97.3 1 1
github.com/deepakkumarnarayana/timemachine-cli/internal/config/validator.go:98.2,98.43 1 1
github.com/deepakkumarnarayana/timemachine-cli/internal/config/validator.go:98.43,100.3 1 1
github.com/deepakkumarnarayana/timemachine-cli/internal/config/validator.go:103.2,103.35 1 1
github.com/deepakkumarnarayana/timemachine-cli/internal/config/validator.go:103.35,105.3 1 1
github.com/deepakkumarnarayana/timemachine-cli/internal/config/validator.go:106.2,106.38 1 1
github.com/deepakkumarnarayana/timemachine-cli/internal/config/validator.go:106.38,108.3 1 1
github.com/deepakkumarnarayana/timemachine-cli/internal/config/validator.go:111.2,111.26 1 1
github.com/deepakkumarnarayana/timemachine-cli/internal/config/validator.go:111.26,113.3 1 1
github.com/deepakkumarnarayana/timemachine-cli/internal/config/validator.go:114.2,114.29 1 1
github.com/deepakkumarnarayana/timemachine-cli/internal/config/validator.go:114.29,116.3 1 1
github.com/deepakkumarnarayana/timemachine-cli/internal/config/validator.go:119.2,119.48 1 1
github.com/deepakkumarnarayana/timemachine-cli/internal/config/validator.go:119.48,120.38 1 1
github.com/deepakkumarnarayana/timemachine-cli/internal/config/validator.go:120.38,122.4 1 1
github.com/deepakkumarnarayana/timemachine-cli/internal/config/validator.go:125.2,125.21 1 1
github.com/deepakkumarnarayana/timemachine-cli/internal/config/validator.go:125.21,127.3 1 1
github.com/deepakkumarnarayana/timemachine-cli/internal/config/validator.go:129.2,129.12 1 1
github.com/deepakkumarnarayana/timemachine-cli/internal/config/validator.go:133.68,137.30 2 1
github.com/deepakkumarnarayana/timemachine-cli/internal/config/validator.go:137.30,139.3 1 1
github.com/deepakkumarnarayana/timemachine-cli/internal/config/validator.go:140.2,140.32 1 1
github.com/deepakkumarnarayana/timemachine-cli/internal/config/validator.go:140.32,142.3 1 1
github.com/deepakkumarnarayana/timemachine-cli/internal/config/validator.go:145.2,145.29 1 1
github.com/deepakkumarnarayana/timemachine-cli/internal/config/validator.go:145.29,147.3 1 1
github.com/deepakkumarnarayana/timemachine-cli/internal/config/validator.go:148.2,148.31 1 1
github.com/deepakkumarnarayana/timemachine-cli/internal/config/validator.go:148.31,150.3 1 1
github.com/deepakkumarnarayana/timemachine-cli/internal/config/validator.go:153.2,153.32 1 1
github.com/deepakkumarnarayana/timemachine-cli/internal/config/validator.go:153.32,155.3 1 1
github.com/deepakkumarnarayana/timemachine-cli/internal/config/validator.go:156.2,156.31 1 1
github.com/deepakkumarnarayana/timemachine-cli/internal/config/validator.go:156.31,158.3 1 1
github.com/deepakkumarnarayana/timemachine-cli/internal/config/validator.go:160.2,160.21 1 1
github.com/deepakkumarnarayana/timemachine-cli/internal/config/validator.go:160.21,162.3 1 1
github.com/deepakkumarnarayana/timemachine-cli/internal/config/validator.go:164.2,164.12 1 1
github.com/deepakkumarnarayana/timemachine-cli/internal/config/validator.go:168.64,172.34 2 1
github.com/deepakkumarnarayana/timemachine-cli/internal/config/validator.go:172.34,174.3 1 1
github.com/deepakkumarnarayana/timemachine-cli/internal/config/validator.go:175.2,175.37 1 1
github.com/deepakkumarnarayana/timemachine-cli/internal/config/validator.go:175.37,177.3 1 1
github.com/deepakkumarnarayana/timemachine-cli/internal/config/validator.go:180.2,180.28 1 1
github.com/deepakkumarnarayana/timemachine-cli/internal/config/validator.go:180.28,182.3 1 1
github.com/deepakkumarnarayana/timemachine-cli/internal/config/validator.go:183.2,183.31 1 1
github.com/deepakkumarnarayana/timemachine-cli/internal/config/validator.go:183.31,185.3 1 1
github.com/deepakkumarnarayana/timemachine-cli/internal/config/validator.go:188.2,188.50 1 1
github.com/deepakkumarnarayana/timemachine-cli/internal/config/validator.go:188.50,190.3 1 1
github.com/deepakkumarnarayana/timemachine-cli/internal/config/validator.go:192.2,192.21 1 1
github.com/deepakkumarnarayana/timemachine-cli/internal/config/validator.go:192.21,194.3 1 1
github.com/deepakkumarnarayana/timemachine-cli/internal/config/validator.go:196.2,196.12 1 1
github.com/deepakkumarnarayana/timemachine-cli/internal/config/validator.go:200.62,205.56 3 1
github.com/deepakkumarnarayana/timemachine-cli/internal/config/validator.go:205.56,208.3 1 1
github.com/deepakkumarnarayana/timemachine-cli/internal/config/validator.go:211.2,212.61 2 1
github.com/deepakkumarnarayana/timemachine-cli/internal/config/validator.go:212.61,215.3 1 1
github.com/deepakkumarnarayana/timemachine-cli/internal/config/validator.go:217.2,217.21 1 1
github.com/deepakkumarnarayana/timemachine-cli/internal/config/validator.go:217.21,219.3 1 1
github.com/deepakkumarnarayana/timemachine-cli/internal/config/validator.go:221.2,221.12 1 1
github.com/deepakkumarnarayana/timemachine-cli/internal/config/validator.go:227.68,228.26 1 1
github.com/deepakkumarnarayana/timemachine-cli/internal/config/validator.go:228.26,229.15 1 1
github.com/deepakkumarnarayana/timemachine-cli/internal/config/validator.go:229.15,231.4 1 1
github.com/deepakkumarnarayana/timemachine-cli/internal/config/validator.go:233.2,233.14 1 1
github.com/deepakkumarnarayana/timemachine-cli/internal/config/validator.go:237.55,238.35 1 1
github.com/deepakkumarnarayana/timemachine-cli/internal/config/validator.go:238.35,240.3 1 1
github.com/deepakkumarnarayana/timemachine-cli/internal/config/validator.go:242.2,250.34 3 1
github.com/deepakkumarnarayana/timemachine-cli/internal/config/validator.go:250.34,252.3 1 1
github.com/deepakkumarnarayana/timemachine-cli/internal/config/validator.go:255.2,256.55 2 1
github.com/deepakkumarnarayana/timemachine-cli/internal/config/validator.go:256.55,258.3 1 1
github.com/deepakkumarnarayana/timemachine-cli/internal/config/validator.go:261.2,262.57 2 1
github.com/deepakkumarnarayana/timemachine-cli/internal/config/validator.go:262.57,264.3 1 1
github.com/deepakkumarnarayana/timemachine-cli/internal/config/validator.go:267.2,269.47 3 1
github.com/deepakkumarnarayana/timemachine-cli/internal/config/validator.go:269.47,271.3 1 1
github.com/deepakkumarnarayana/timemachine-cli/internal/config/validator.go:274.2,279.35 2 1
github.com/deepakkumarnarayana/timemachine-cli/internal/config/validator.go:279.35,280.35 1 1
github.com/deepakkumarnarayana/timemachine-cli/internal/config/validator.go:280.35,282.4 1 1
github.com/deepakkumarnarayana/timemachine-cli/internal/config/validator.go:286.2,286.53 1 1
github.com/deepakkumarnarayana/timemachine-cli/internal/config/validator.go:286.53,288.3 1 0
github.com/deepakkumarnarayana/timemachine-cli/internal/config/validator.go:292.2,293.40 2 1
github.com/deepakkumarnarayana/timemachine-cli/internal/config/validator.go:293.40,295.53 1 1
github.com/deepakkumarnarayana/timemachine-cli/internal/config/validator.go:295.53,297.4 1 1
github.com/deepakkumarnarayana/timemachine-cli/internal/config/validator.go:301.2,301.39 1 1
github.com/deepakkumarnarayana/timemachine-cli/internal/config/validator.go:301.39,303.3 1 0
github.com/deepakkumarnarayana/timemachine-cli/internal/config/validator.go:306.2,312.45 2 1
github.com/deepakkumarnarayana/timemachine-cli/internal/config/validator.go:312.45,313.38 1 1
github.com/deepakkumarnarayana/timemachine-cli/internal/config/validator.go:313.38,315.4 1 0
github.com/deepakkumarnarayana/timemachine-cli/internal/config/validator.go:319.2,319.36 1 1
github.com/deepakkumarnarayana/timemachine-cli/internal/config/validator.go:319.36,321.3 1 1
github.com/deepakkumarnarayana/timemachine-cli/internal/config/validator.go:324.2,328.44 2 1
github.com/deepakkumarnarayana/timemachine-cli/internal/config/validator.go:328.44,329.38 1 1
github.com/deepakkumarnarayana/timemachine-cli/internal/config/validator.go:329.38,331.4 1 1
github.com/deepakkumarnarayana/timemachine-cli/internal/config/validator.go:336.2,336.83 1 1
github.com/deepakkumarnarayana/timemachine-cli/internal/config/validator.go:336.83,338.54 1 1
github.com/deepakkumarnarayana/timemachine-cli/internal/config/validator.go:338.54,341.35 2 1
github.com/deepakkumarnarayana/timemachine-cli/internal/config/validator.go:341.35,342.86 1 1
github.com/deepakkumarnarayana/timemachine-cli/internal/config/validator.go:342.86,344.11 2 0
github.com/deepakkumarnarayana/timemachine-cli/internal/config/validator.go:347.4,347.22 1 1
github.com/deepakkumarnarayana/timemachine-cli/internal/config/validator.go:347.22,349.5 1 1
github.com/deepakkumarnarayana/timemachine-cli/internal/config/validator.go:354.2,354.31 1 1
github.com/deepakkumarnarayana/timemachine-cli/internal/config/validator.go:354.31,367.36 4 1
github.com/deepakkumarnarayana/timemachine-cli/internal/config/validator.go:367.36,368.62 1 1
github.com/deepakkumarnarayana/timemachine-cli/internal/config/validator.go:368.62,370.10 2 1
github.com/deepakkumarnarayana/timemachine-cli/internal/config/validator.go:375.3,375.14 1 1
github.com/deepakkumarnarayana/timemachine-cli/internal/config/validator.go:375.14,377.52 1 1
github.com/deepakkumarnarayana/timemachine-cli/internal/config/validator.go:377.52,378.46 1 1
github.com/deepakkumarnarayana/timemachine-cli/internal/config/validator.go:378.46,380.6 1 0
github.com/deepakkumarnarayana/timemachine-cli/internal/config/validator.go:383.4,383.56 1 1
github.com/deepakkumarnarayana/timemachine-cli/internal/config/validator.go:383.56,384.49 1 1
github.com/deepakkumarnarayana/timemachine-cli/internal/config/validator.go:384.49,386.6 1 0
github.com/deepakkumarnarayana/timemachine-cli/internal/config/validator.go:389.4,389.15 1 1
github.com/deepakkumarnarayana/timemachine-cli/internal/config/validator.go:389.15,391.5 1 1
github.com/deepakkumarnarayana/timemachine-cli/internal/config/validator.go:395.2,395.13 1 1
github.com/deepakkumarnarayana/timemachine-cli/internal/config/validator.go:399.75,400.15 1 1
github.com/deepakkumarnarayana/timemachine-cli/internal/config/validator.go:401.19,402.36 1 1
github.com/deepakkumarnarayana/timemachine-cli/internal/config/validator.go:402.36,404.42 2 1
github.com/deepakkumarnarayana/timemachine-cli/internal/config/validator.go:404.42,407.5 1 1
github.com/deepakkumarnarayana/timemachine-cli/internal/config/validator.go:408.9,410.4 1 1
github.com/deepakkumarnarayana/timemachine-cli/internal/config/validator.go:412.32,413.48 1 1
github.com/deepakkumarnarayana/timemachine-cli/internal/config/validator.go:413.48,414.68 1 1
github.com/deepakkumarnarayana/timemachine-cli/internal/config/validator.go:414.68,416.5 1 1
github.com/deepakkumarnarayana/timemachine-cli/internal/config/validator.go:417.9,419.4 1 1
github.com/deepakkumarnarayana/timemachine-cli/internal/config/validator.go:421.27,422.33 1 1
github.com/deepakkumarnarayana/timemachine-cli/internal/config/validator.go:422.33,423.34 1 1
github.com/deepakkumarnarayana/timemachine-cli/internal/config/validator.go:423.34,425.5 1 1
github.com/deepakkumarnarayana/timemachine-cli/internal/config/validator.go:426.9,428.4 1 1
github.com/deepakkumarnarayana/timemachine-cli/internal/config/validator.go:431.10,433.38 1 1
github.com/deepakkumarnarayana/timemachine-cli/internal/config/validator.go:436.2,436.12 1 1
github.com/deepakkumarnarayana/timemachine-cli/internal/config/validator.go:440.73,442.22 1 1
github.com/deepakkumarnarayana/timemachine-cli/internal/config/validator.go:443.50,444.13 1 1
github.com/deepakkumarnarayana/timemachine-cli/internal/config/validator.go:445.10,446.70 1 1
github.com/deepakkumarnarayana/timemachine-cli/internal/config/validator.go:451.48,478.2 1 1
github.com/deepakkumarnarayana/timemachine-cli/internal/core/debouncer.go:17.51,21.2 1 1
github.com/deepakkumarnarayana/timemachine-cli/internal/core/debouncer.go:26.40,31.20 3 1
github.com/deepakkumarnarayana/timemachine-cli/internal/core/debouncer.go:31.20,33.3 1 1
github.com/deepakkumarnarayana/timemachine-cli/internal/core/debouncer.go:36.2,36.43 1 1
github.com/deepakkumarnarayana/timemachine-cli/internal/core/debouncer.go:36.43,42.3 4 1
github.com/deepakkumarnarayana/timemachine-cli/internal/core/debouncer.go:46.30,50.20 3 1
github.com/deepakkumarnarayana/timemachine-cli/internal/core/debouncer.go:50.20,53.3 2 1
github.com/deepakkumarnarayana/timemachine-cli/internal/core/debouncer.go:57.37,62.2 3 1
github.com/deepakkumarnarayana/timemachine-cli/internal/core/git.go:17.49,19.2 1 1
github.com/deepakkumarnarayana/timemachine-cli/internal/core/git.go:24.65,37.16 5 1
github.com/deepakkumarnarayana/timemachine-cli/internal/core/git.go:37.16,39.3 1 1
github.com/deepakkumarnarayana/timemachine-cli/internal/core/git.go:41.2,41.47 1 1
github.com/deepakkumarnarayana/timemachine-cli/internal/core/git.go:45.51,47.65 1 1
github.com/deepakkumarnarayana/timemachine-cli/internal/core/git.go:47.65,49.3 1 0
github.com/deepakkumarnarayana/timemachine-cli/internal/core/git.go:52.2,53.16 2 1
github.com/deepakkumarnarayana/timemachine-cli/internal/core/git.go:53.16,55.3 1 0
github.com/deepakkumarnarayana/timemachine-cli/internal/core/git.go:58.2,58.42 1 1
github.com/deepakkumarnarayana/timemachine-cli/internal/core/git.go:58.42,60.3 1 0
github.com/deepakkumarnarayana/timemachine-cli/internal/core/git.go:63.2,65.12 2 1
github.com/deepakkumarnarayana/timemachine-cli/internal/core/git.go:69.44,73.39 3 1
github.com/deepakkumarnarayana/timemachine-cli/internal/core/git.go:73.39,76.17 3 1
github.com/deepakkumarnarayana/timemachine-cli/internal/core/git.go:76.17,78.4 1 0
github.com/deepakkumarnarayana/timemachine-cli/internal/core/git.go:82.2,84.40 3 1
github.com/deepakkumarnarayana/timemachine-cli/internal/core/git.go:84.40,87.17 3 1
github.com/deepakkumarnarayana/timemachine-cli/internal/core/git.go:87.17,89.4 1 0
github.com/deepakkumarnarayana/timemachine-cli/internal/core/git.go:92.2,92.12 1 1
github.com/deepakkumarnarayana/timemachine-cli/internal/core/git.go:96.59,99.16 2 1
github.com/deepakkumarnarayana/timemachine-cli/internal/core/git.go:99.16,101.3 1 0
github.com/deepakkumarnarayana/timemachine-cli/internal/core/git.go:104.2,105.16 2 1
github.com/deepakkumarnarayana/timemachine-cli/internal/core/git.go:105.16,107.3 1 0
github.com/deepakkumarnarayana/timemachine-cli/internal/core/git.go:110.2,110.37 1 1
github.com/deepakkumarnarayana/timemachine-cli/internal/core/git.go:110.37,112.3 1 0
github.com/deepakkumarnarayana/timemachine-cli/internal/core/git.go:115.2,115.19 1 1
github.com/deepakkumarnarayana/timemachine-cli/internal/core/git.go:115.19,118.3 2 1
github.com/deepakkumarnarayana/timemachine-cli/internal/core/git.go:121.2,122.16 2 1
github.com/deepakkumarnarayana/timemachine-cli/internal/core/git.go:122.16,124.3 1 0
github.com/deepakkumarnarayana/timemachine-cli/internal/core/git.go:126.2,126.12 1 1
github.com/deepakkumarnarayana/timemachine-cli/internal/core/git.go:137.84,145.15 3 1
github.com/deepakkumarnarayana/timemachine-cli/internal/core/git.go:145.15,147.3 1 1
github.com/deepakkumarnarayana/timemachine-cli/internal/core/git.go:150.2,150.20 1 1
github.com/deepakkumarnarayana/timemachine-cli/internal/core/git.go:150.20,152.3 1 1
github.com/deepakkumarnarayana/timemachine-cli/internal/core/git.go:154.2,155.16 2 1
github.com/deepakkumarnarayana/timemachine-cli/internal/core/git.go:155.16,157.69 1 1
github.com/deepakkumarnarayana/timemachine-cli/internal/core/git.go:157.69,159.4 1 1
github.com/deepakkumarnarayana/timemachine-cli/internal/core/git.go:160.3,160.62 1 0
github.com/deepakkumarnarayana/timemachine-cli/internal/core/git.go:164.2,167.29 3 1
github.com/deepakkumarnarayana/timemachine-cli/internal/core/git.go:167.29,168.17 1 1
github.com/deepakkumarnarayana/timemachine-cli/internal/core/git.go:168.17,169.12 1 0
github.com/deepakkumarnarayana/timemachine-cli/internal/core/git.go:172.3,173.22 2 1
github.com/deepakkumarnarayana/timemachine-cli/internal/core/git.go:173.22,174.12 1 0
github.com/deepakkumarnarayana/timemachine-cli/internal/core/git.go:177.3,181.5 1 1
github.com/deepakkumarnarayana/timemachine-cli/internal/core/git.go:184.2,184.23 1 1
github.com/deepakkumarnarayana/timemachine-cli/internal/core/git.go:190.73,193.21 2 1
github.com/deepakkumarnarayana/timemachine-cli/internal/core/git.go:193.21,196.3 1 1
github.com/deepakkumarnarayana/timemachine-cli/internal/core/git.go:196.8,199.3 1 1
github.com/deepakkumarnarayana/timemachine-cli/internal/core/git.go:201.2,202.16 2 1
github.com/deepakkumarnarayana/timemachine-cli/internal/core/git.go:202.16,204.3 1 0
github.com/deepakkumarnarayana/timemachine-cli/internal/core/git.go:206.2,206.12 1 1
github.com/deepakkumarnarayana/timemachine-cli/internal/core/ignore.go:55.74,63.49 2 1
github.com/deepakkumarnarayana/timemachine-cli/internal/core/ignore.go:63.49,65.3 1 0
github.com/deepakkumarnarayana/timemachine-cli/internal/core/ignore.go:67.2,67.16 1 1
github.com/deepakkumarnarayana/timemachine-cli/internal/core/ignore.go:71.58,73.24 2 1
github.com/deepakkumarnarayana/timemachine-cli/internal/core/ignore.go:73.24,76.3 2 1
github.com/deepakkumarnarayana/timemachine-cli/internal/core/ignore.go:77.2,77.16 1 1
github.com/deepakkumarnarayana/timemachine-cli/internal/core/ignore.go:77.16,79.3 1 0
github.com/deepakkumarnarayana/timemachine-cli/internal/core/ignore.go:80.2,83.42 2 1
github.com/deepakkumarnarayana/timemachine-cli/internal/core/ignore.go:83.42,84.38 1 1
github.com/deepakkumarnarayana/timemachine-cli/internal/core/ignore.go:84.38,87.4 1 0
github.com/deepakkumarnarayana/timemachine-cli/internal/core/ignore.go:90.2,99.21 6 1
github.com/deepakkumarnarayana/timemachine-cli/internal/core/ignore.go:99.21,103.33 2 1
github.com/deepakkumarnarayana/timemachine-cli/internal/core/ignore.go:103.33,106.9 2 0
github.com/deepakkumarnarayana/timemachine-cli/internal/core/ignore.go:109.3,112.49 2 1
github.com/deepakkumarnarayana/timemachine-cli/internal/core/ignore.go:112.49,113.12 1 1
github.com/deepakkumarnarayana/timemachine-cli/internal/core/ignore.go:117.3,117.35 1 1
github.com/deepakkumarnarayana/timemachine-cli/internal/core/ignore.go:117.35,119.12 2 0
github.com/deepakkumarnarayana/timemachine-cli/internal/core/ignore.go:123.3,124.17 2 1
github.com/deepakkumarnarayana/timemachine-cli/internal/core/ignore.go:124.17,126.12 2 1
github.com/deepakkumarnarayana/timemachine-cli/internal/core/ignore.go:130.3,130.34 1 1
github.com/deepakkumarnarayana/timemachine-cli/internal/core/ignore.go:130.34,132.9 2 1
github.com/deepakkumarnarayana/timemachine-cli/internal/core/ignore.go:135.3,136.17 2 1
github.com/deepakkumarnarayana/timemachine-cli/internal/core/ignore.go:139.2,139.38 1 1
github.com/deepakkumarnarayana/timemachine-cli/internal/core/ignore.go:139.38,141.3 1 0
github.com/deepakkumarnarayana/timemachine-cli/internal/core/ignore.go:143.2,144.12 2 1
github.com/deepakkumarnarayana/timemachine-cli/internal/core/ignore.go:148.84,149.16 1 1
github.com/deepakkumarnarayana/timemachine-cli/internal/core/ignore.go:149.16,151.3 1 1
github.com/deepakkumarnarayana/timemachine-cli/internal/core/ignore.go:153.2,159.34 2 1
github.com/deepakkumarnarayana/timemachine-cli/internal/core/ignore.go:159.34,162.28 3 1
github.com/deepakkumarnarayana/timemachine-cli/internal/core/ignore.go:162.28,164.4 1 1
github.com/deepakkumarnarayana/timemachine-cli/internal/core/ignore.go:168.2,168.45 1 1
github.com/deepakkumarnarayana/timemachine-cli/internal/core/ignore.go:168.45,171.3 2 1
github.com/deepakkumarnarayana/timemachine-cli/internal/core/ignore.go:174.2,174.45 1 1
github.com/deepakkumarnarayana/timemachine-cli/internal/core/ignore.go:174.45,177.3 2 1
github.com/deepakkumarnarayana/timemachine-cli/internal/core/ignore.go:180.2,183.27 2 1
github.com/deepakkumarnarayana/timemachine-cli/internal/core/ignore.go:183.27,185.3 1 1
github.com/deepakkumarnarayana/timemachine-cli/internal/core/ignore.go:187.2,187.21 1 1
github.com/deepakkumarnarayana/timemachine-cli/internal/core/ignore.go:192.66,195.16 2 1
github.com/deepakkumarnarayana/timemachine-cli/internal/core/ignore.go:195.16,197.3 1 0
github.com/deepakkumarnarayana/timemachine-cli/internal/core/ignore.go:198.2,205.12 5 1
github.com/deepakkumarnarayana/timemachine-cli/internal/core/ignore.go:205.12,212.3 5 1
github.com/deepakkumarnarayana/timemachine-cli/internal/core/ignore.go:215.2,225.15 7 1
github.com/deepakkumarnarayana/timemachine-cli/internal/core/ignore.go:229.70,236.39 4 1
github.com/deepakkumarnarayana/timemachine-cli/internal/core/ignore.go:236.39,239.26 2 1
github.com/deepakkumarnarayana/timemachine-cli/internal/core/ignore.go:239.26,242.4 1 1
github.com/deepakkumarnarayana/timemachine-cli/internal/core/ignore.go:242.9,245.4 1 1
github.com/deepakkumarnarayana/timemachine-cli/internal/core/ignore.go:247.3,247.14 1 1
github.com/deepakkumarnarayana/timemachine-cli/internal/core/ignore.go:247.14,249.4 1 1
github.com/deepakkumarnarayana/timemachine-cli/internal/core/ignore.go:252.2,252.16 1 1
github.com/deepakkumarnarayana/timemachine-cli/internal/core/ignore.go:256.106,257.24 1 1
github.com/deepakkumarnarayana/timemachine-cli/internal/core/ignore.go:257.24,259.23 1 1
github.com/deepakkumarnarayana/timemachine-cli/internal/core/ignore.go:259.23,262.4 1 1
github.com/deepakkumarnarayana/timemachine-cli/internal/core/ignore.go:263.3,264.31 2 0
github.com/deepakkumarnarayana/timemachine-cli/internal/core/ignore.go:268.2,268.22 1 1
github.com/deepakkumarnarayana/timemachine-cli/internal/core/ignore.go:268.22,270.45 1 1
github.com/deepakkumarnarayana/timemachine-cli/internal/core/ignore.go:270.45,274.4 1 1
github.com/deepakkumarnarayana/timemachine-cli/internal/core/ignore.go:276.3,276.37 1 1
github.com/deepakkumarnarayana/timemachine-cli/internal/core/ignore.go:281.2,282.44 2 1
github.com/deepakkumarnarayana/timemachine-cli/internal/core/ignore.go:282.44,284.3 1 0
github.com/deepakkumarnarayana/timemachine-cli/internal/core/ignore.go:285.2,286.30 2 1
github.com/deepakkumarnarayana/timemachine-cli/internal/core/ignore.go:290.110,291.24 1 1
github.com/deepakkumarnarayana/timemachine-cli/internal/core/ignore.go:291.24,293.23 1 1
github.com/deepakkumarnarayana/timemachine-cli/internal/core/ignore.go:293.23,297.4 1 1
github.com/deepakkumarnarayana/timemachine-cli/internal/core/ignore.go:298.3,299.31 2 0
github.com/deepakkumarnarayana/timemachine-cli/internal/core/ignore.go:303.2,303.22 1 1
github.com/deepakkumarnarayana/timemachine-cli/internal/core/ignore.go:303.22,309.3 1 1
github.com/deepakkumarnarayana/timemachine-cli/internal/core/ignore.go:312.2,313.27 2 0
github.com/deepakkumarnarayana/timemachine-cli/internal/core/ignore.go:313.27,314.82 1 0
github.com/deepakkumarnarayana/timemachine-cli/internal/core/ignore.go:314.82,316.4 1 0
github.com/deepakkumarnarayana/timemachine-cli/internal/core/ignore.go:319.2,319.14 1 0
github.com/deepakkumarnarayana/timemachine-cli/internal/core/ignore.go:323.72,328.47 3 1
github.com/deepakkumarnarayana/timemachine-cli/internal/core/ignore.go:328.47,332.3 1 1
github.com/deepakkumarnarayana/timemachine-cli/internal/core/ignore.go:335.2,336.60 2 1
github.com/deepakkumarnarayana/timemachine-cli/internal/core/ignore.go:336.60,339.3 2 0
github.com/deepakkumarnarayana/timemachine-cli/internal/core/ignore.go:341.2,342.30 2 1
github.com/deepakkumarnarayana/timemachine-cli/internal/core/ignore.go:346.61,351.34 3 1
github.com/deepakkumarnarayana/timemachine-cli/internal/core/ignore.go:351.34,354.26 3 1
github.com/deepakkumarnarayana/timemachine-cli/internal/core/ignore.go:354.26,355.9 1 1
github.com/deepakkumarnarayana/timemachine-cli/internal/core/ignore.go:360.2,360.39 1 1
github.com/deepakkumarnarayana/timemachine-cli/internal/core/ignore.go:364.48,372.2 6 1
github.com/deepakkumarnarayana/timemachine-cli/internal/core/ignore.go:375.91,383.15 6 1
github.com/deepakkumarnarayana/timemachine-cli/internal/core/ignore.go:383.15,385.3 1 1
github.com/deepakkumarnarayana/timemachine-cli/internal/core/ignore.go:387.2,387.8 1 1
github.com/deepakkumarnarayana/timemachine-cli/internal/core/ignore.go:391.60,398.2 3 1
github.com/deepakkumarnarayana/timemachine-cli/internal/core/ignore.go:401.58,403.2 1 1
github.com/deepakkumarnarayana/timemachine-cli/internal/core/ignore.go:406.63,415.2 5 1
github.com/deepakkumarnarayana/timemachine-cli/internal/core/ignore.go:420.70,422.2 1 1
github.com/deepakkumarnarayana/timemachine-cli/internal/core/ignore.go:425.75,428.38 2 1
github.com/deepakkumarnarayana/timemachine-cli/internal/core/ignore.go:428.38,430.3 1 1
github.com/deepakkumarnarayana/timemachine-cli/internal/core/ignore.go:431.2,431.34 1 1
github.com/deepakkumarnarayana/timemachine-cli/internal/core/state.go:24.39,27.16 2 1
github.com/deepakkumarnarayana/timemachine-cli/internal/core/state.go:27.16,29.3 1 0
github.com/deepakkumarnarayana/timemachine-cli/internal/core/state.go:32.2,33.18 2 1
github.com/deepakkumarnarayana/timemachine-cli/internal/core/state.go:33.18,35.3 1 1
github.com/deepakkumarnarayana/timemachine-cli/internal/core/state.go:38.2,46.45 5 1
github.com/deepakkumarnarayana/timemachine-cli/internal/core/state.go:46.45,48.3 1 1
github.com/deepakkumarnarayana/timemachine-cli/internal/core/state.go:51.2,54.56 2 1
github.com/deepakkumarnarayana/timemachine-cli/internal/core/state.go:54.56,57.3 1 0
github.com/deepakkumarnarayana/timemachine-cli/internal/core/state.go:59.2,66.8 1 1
github.com/deepakkumarnarayana/timemachine-cli/internal/core/state.go:71.78,73.16 2 0
github.com/deepakkumarnarayana/timemachine-cli/internal/core/state.go:73.16,75.3 1 0
github.com/deepakkumarnarayana/timemachine-cli/internal/core/state.go:78.2,81.19 3 0
github.com/deepakkumarnarayana/timemachine-cli/internal/core/state.go:86.41,89.6 2 1
github.com/deepakkumarnarayana/timemachine-cli/internal/core/state.go:89.6,94.64 2 1
github.com/deepakkumarnarayana/timemachine-cli/internal/core/state.go:94.64,96.4 1 1
github.com/deepakkumarnarayana/timemachine-cli/internal/core/state.go:99.3,102.30 2 1
github.com/deepakkumarnarayana/timemachine-cli/internal/core/state.go:102.30,103.9 1 1
github.com/deepakkumarnarayana/timemachine-cli/internal/core/state.go:106.3,106.25 1 1
github.com/deepakkumarnarayana/timemachine-cli/internal/core/state.go:110.2,110.11 1 1
github.com/deepakkumarnarayana/timemachine-cli/internal/core/watcher.go:26.76,28.16 2 0
github.com/deepakkumarnarayana/timemachine-cli/internal/core/watcher.go:28.16,30.3 1 0
github.com/deepakkumarnarayana/timemachine-cli/internal/core/watcher.go:33.2,34.25 2 0
github.com/deepakkumarnarayana/timemachine-cli/internal/core/watcher.go:34.25,36.3 1 0
github.com/deepakkumarnarayana/timemachine-cli/internal/core/watcher.go:37.2,49.8 3 0
github.com/deepakkumarnarayana/timemachine-cli/internal/core/watcher.go:53.33,55.69 1 0
github.com/deepakkumarnarayana/timemachine-cli/internal/core/watcher.go:55.69,57.3 1 0
github.com/deepakkumarnarayana/timemachine-cli/internal/core/watcher.go:60.2,61.56 2 0
github.com/deepakkumarnarayana/timemachine-cli/internal/core/watcher.go:61.56,64.3 2 0
github.com/deepakkumarnarayana/timemachine-cli/internal/core/watcher.go:65.2,75.12 6 0
github.com/deepakkumarnarayana/timemachine-cli/internal/core/watcher.go:79.26,84.2 4 0
github.com/deepakkumarnarayana/timemachine-cli/internal/core/watcher.go:87.60,88.82 1 0
github.com/deepakkumarnarayana/timemachine-cli/internal/core/watcher.go:88.82,89.17 1 0
github.com/deepakkumarnarayana/timemachine-cli/internal/core/watcher.go:89.17,92.4 1 0
github.com/deepakkumarnarayana/timemachine-cli/internal/core/watcher.go:94.3,94.20 1 0
github.com/deepakkumarnarayana/timemachine-cli/internal/core/watcher.go:94.20,96.4 1 0
github.com/deepakkumarnarayana/timemachine-cli/internal/core/watcher.go:99.3,99.50 1 0
github.com/deepakkumarnarayana/timemachine-cli/internal/core/watcher.go:99.50,101.4 1 0
github.com/deepakkumarnarayana/timemachine-cli/internal/core/watcher.go:104.3,104.47 1 0
github.com/deepakkumarnarayana/timemachine-cli/internal/core/watcher.go:104.47,107.4 1 0
github.com/deepakkumarnarayana/timemachine-cli/internal/core/watcher.go:109.3,109.13 1 0
github.com/deepakkumarnarayana/timemachine-cli/internal/core/watcher.go:114.59,117.2 1 0
github.com/deepakkumarnarayana/timemachine-cli/internal/core/watcher.go:120.54,123.2 1 0
github.com/deepakkumarnarayana/timemachine-cli/internal/core/watcher.go:126.31,129.6 2 0
github.com/deepakkumarnarayana/timemachine-cli/internal/core/watcher.go:129.6,130.10 1 0
github.com/deepakkumarnarayana/timemachine-cli/internal/core/watcher.go:131.42,132.11 1 0
github.com/deepakkumarnarayana/timemachine-cli/internal/core/watcher.go:132.11,134.5 1 0
github.com/deepakkumarnarayana/timemachine-cli/internal/core/watcher.go:136.4,136.24 1 0
github.com/deepakkumarnarayana/timemachine-cli/internal/core/watcher.go:138.40,139.11 1 0
github.com/deepakkumarnarayana/timemachine-cli/internal/core/watcher.go:139.11,141.5 1 0
github.com/deepakkumarnarayana/timemachine-cli/internal/core/watcher.go:142.4,142.47 1 0
github.com/deepakkumarnarayana/timemachine-cli/internal/core/watcher.go:144.21,145.10 1 0
github.com/deepakkumarnarayana/timemachine-cli/internal/core/watcher.go:151.53,153.36 1 0
github.com/deepakkumarnarayana/timemachine-cli/internal/core/watcher.go:153.36,155.3 1 0
github.com/deepakkumarnarayana/timemachine-cli/internal/core/watcher.go:158.2,158.49 1 0
github.com/deepakkumarnarayana/timemachine-cli/internal/core/watcher.go:158.49,159.67 1 0
github.com/deepakkumarnarayana/timemachine-cli/internal/core/watcher.go:159.67,160.58 1 0
github.com/deepakkumarnarayana/timemachine-cli/internal/core/watcher.go:160.58,161.63 1 0
github.com/deepakkumarnarayana/timemachine-cli/internal/core/watcher.go:161.63,163.6 1 0
github.com/deepakkumarnarayana/timemachine-cli/internal/core/watcher.go:169.2,169.39 1 0
github.com/deepakkumarnarayana/timemachine-cli/internal/core/watcher.go:173.36,176.56 2 0
github.com/deepakkumarnarayana/timemachine-cli/internal/core/watcher.go:176.56,179.3 2 0
github.com/deepakkumarnarayana/timemachine-cli/internal/core/watcher.go:182.2,183.38 2 0
github.com/deepakkumarnarayana/timemachine-cli/internal/core/watcher.go:183.38,185.3 1 0
github.com/deepakkumarnarayana/timemachine-cli/internal/core/watcher.go:185.8,187.3 1 0
