mode: set
github.com/deepakkumarnarayana/timemachine-cli/internal/config/config.go:69.28,80.2 3 1
github.com/deepakkumarnarayana/timemachine-cli/internal/config/config.go:87.50,89.56 1 1
github.com/deepakkumarnarayana/timemachine-cli/internal/config/config.go:89.56,91.3 1 0
github.com/deepakkumarnarayana/timemachine-cli/internal/config/config.go:94.2,97.47 2 1
github.com/deepakkumarnarayana/timemachine-cli/internal/config/config.go:97.47,98.56 1 1
github.com/deepakkumarnarayana/timemachine-cli/internal/config/config.go:98.56,100.4 1 1
github.com/deepakkumarnarayana/timemachine-cli/internal/config/config.go:104.2,104.52 1 1
github.com/deepakkumarnarayana/timemachine-cli/internal/config/config.go:104.52,106.3 1 1
github.com/deepakkumarnarayana/timemachine-cli/internal/config/config.go:109.2,109.55 1 1
github.com/deepakkumarnarayana/timemachine-cli/internal/config/config.go:109.55,111.3 1 1
github.com/deepakkumarnarayana/timemachine-cli/internal/config/config.go:113.2,113.12 1 1
github.com/deepakkumarnarayana/timemachine-cli/internal/config/config.go:117.33,119.2 1 1
github.com/deepakkumarnarayana/timemachine-cli/internal/config/config.go:122.43,124.2 1 1
github.com/deepakkumarnarayana/timemachine-cli/internal/config/config.go:127.62,138.23 3 1
github.com/deepakkumarnarayana/timemachine-cli/internal/config/config.go:138.23,143.52 3 1
github.com/deepakkumarnarayana/timemachine-cli/internal/config/config.go:143.52,145.4 1 0
github.com/deepakkumarnarayana/timemachine-cli/internal/config/config.go:149.2,149.58 1 1
github.com/deepakkumarnarayana/timemachine-cli/internal/config/config.go:149.58,151.3 1 1
github.com/deepakkumarnarayana/timemachine-cli/internal/config/config.go:154.2,154.50 1 1
github.com/deepakkumarnarayana/timemachine-cli/internal/config/config.go:154.50,156.3 1 1
github.com/deepakkumarnarayana/timemachine-cli/internal/config/config.go:159.2,161.12 2 1
github.com/deepakkumarnarayana/timemachine-cli/internal/config/config.go:166.47,189.39 2 1
github.com/deepakkumarnarayana/timemachine-cli/internal/config/config.go:189.39,191.3 1 1
github.com/deepakkumarnarayana/timemachine-cli/internal/config/config.go:195.34,225.2 20 1
github.com/deepakkumarnarayana/timemachine-cli/internal/config/config.go:228.69,232.47 2 1
github.com/deepakkumarnarayana/timemachine-cli/internal/config/config.go:232.47,234.3 1 1
github.com/deepakkumarnarayana/timemachine-cli/internal/config/config.go:237.2,278.78 2 1
github.com/deepakkumarnarayana/timemachine-cli/internal/config/config.go:278.78,280.3 1 0
github.com/deepakkumarnarayana/timemachine-cli/internal/config/config.go:282.2,282.12 1 1
github.com/deepakkumarnarayana/timemachine-cli/internal/config/validator.go:18.32,20.2 1 1
github.com/deepakkumarnarayana/timemachine-cli/internal/config/validator.go:23.52,27.57 2 1
github.com/deepakkumarnarayana/timemachine-cli/internal/config/validator.go:27.57,29.3 1 1
github.com/deepakkumarnarayana/timemachine-cli/internal/config/validator.go:32.2,32.65 1 1
github.com/deepakkumarnarayana/timemachine-cli/internal/config/validator.go:32.65,34.3 1 1
github.com/deepakkumarnarayana/timemachine-cli/internal/config/validator.go:37.2,37.61 1 1
github.com/deepakkumarnarayana/timemachine-cli/internal/config/validator.go:37.61,39.3 1 1
github.com/deepakkumarnarayana/timemachine-cli/internal/config/validator.go:42.2,42.57 1 1
github.com/deepakkumarnarayana/timemachine-cli/internal/config/validator.go:42.57,44.3 1 1
github.com/deepakkumarnarayana/timemachine-cli/internal/config/validator.go:47.2,47.55 1 1
github.com/deepakkumarnarayana/timemachine-cli/internal/config/validator.go:47.55,49.3 1 1
github.com/deepakkumarnarayana/timemachine-cli/internal/config/validator.go:51.2,51.21 1 1
github.com/deepakkumarnarayana/timemachine-cli/internal/config/validator.go:51.21,53.3 1 1
github.com/deepakkumarnarayana/timemachine-cli/internal/config/validator.go:55.2,55.12 1 1
github.com/deepakkumarnarayana/timemachine-cli/internal/config/validator.go:59.64,64.49 3 1
github.com/deepakkumarnarayana/timemachine-cli/internal/config/validator.go:64.49,67.3 1 1
github.com/deepakkumarnarayana/timemachine-cli/internal/config/validator.go:70.2,71.51 2 1
github.com/deepakkumarnarayana/timemachine-cli/internal/config/validator.go:71.51,74.3 1 1
github.com/deepakkumarnarayana/timemachine-cli/internal/config/validator.go:77.2,77.23 1 1
github.com/deepakkumarnarayana/timemachine-cli/internal/config/validator.go:77.23,78.38 1 1
github.com/deepakkumarnarayana/timemachine-cli/internal/config/validator.go:78.38,80.4 1 1
github.com/deepakkumarnarayana/timemachine-cli/internal/config/validator.go:83.2,83.21 1 1
github.com/deepakkumarnarayana/timemachine-cli/internal/config/validator.go:83.21,85.3 1 1
github.com/deepakkumarnarayana/timemachine-cli/internal/config/validator.go:87.2,87.12 1 1
github.com/deepakkumarnarayana/timemachine-cli/internal/config/validator.go:91.72,95.49 2 1
github.com/deepakkumarnarayana/timemachine-cli/internal/config/validator.go:95.49,97.3 1 1
github.com/deepakkumarnarayana/timemachine-cli/internal/config/validator.go:98.2,98.43 1 1
github.com/deepakkumarnarayana/timemachine-cli/internal/config/validator.go:98.43,100.3 1 1
github.com/deepakkumarnarayana/timemachine-cli/internal/config/validator.go:103.2,103.35 1 1
github.com/deepakkumarnarayana/timemachine-cli/internal/config/validator.go:103.35,105.3 1 1
github.com/deepakkumarnarayana/timemachine-cli/internal/config/validator.go:106.2,106.38 1 1
github.com/deepakkumarnarayana/timemachine-cli/internal/config/validator.go:106.38,108.3 1 1
github.com/deepakkumarnarayana/timemachine-cli/internal/config/validator.go:111.2,111.26 1 1
github.com/deepakkumarnarayana/timemachine-cli/internal/config/validator.go:111.26,113.3 1 1
github.com/deepakkumarnarayana/timemachine-cli/internal/config/validator.go:114.2,114.29 1 1
github.com/deepakkumarnarayana/timemachine-cli/internal/config/validator.go:114.29,116.3 1 1
github.com/deepakkumarnarayana/timemachine-cli/internal/config/validator.go:119.2,119.48 1 1
github.com/deepakkumarnarayana/timemachine-cli/internal/config/validator.go:119.48,120.38 1 1
github.com/deepakkumarnarayana/timemachine-cli/internal/config/validator.go:120.38,122.4 1 1
github.com/deepakkumarnarayana/timemachine-cli/internal/config/validator.go:125.2,125.21 1 1
github.com/deepakkumarnarayana/timemachine-cli/internal/config/validator.go:125.21,127.3 1 1
github.com/deepakkumarnarayana/timemachine-cli/internal/config/validator.go:129.2,129.12 1 1
github.com/deepakkumarnarayana/timemachine-cli/internal/config/validator.go:133.68,137.30 2 1
github.com/deepakkumarnarayana/timemachine-cli/internal/config/validator.go:137.30,139.3 1 1
github.com/deepakkumarnarayana/timemachine-cli/internal/config/validator.go:140.2,140.32 1 1
github.com/deepakkumarnarayana/timemachine-cli/internal/config/validator.go:140.32,142.3 1 1
github.com/deepakkumarnarayana/timemachine-cli/internal/config/validator.go:145.2,145.29 1 1
github.com/deepakkumarnarayana/timemachine-cli/internal/config/validator.go:145.29,147.3 1 1
github.com/deepakkumarnarayana/timemachine-cli/internal/config/validator.go:148.2,148.31 1 1
github.com/deepakkumarnarayana/timemachine-cli/internal/config/validator.go:148.31,150.3 1 1
github.com/deepakkumarnarayana/timemachine-cli/internal/config/validator.go:153.2,153.32 1 1
github.com/deepakkumarnarayana/timemachine-cli/internal/config/validator.go:153.32,155.3 1 1
github.com/deepakkumarnarayana/timemachine-cli/internal/config/validator.go:156.2,156.31 1 1
github.com/deepakkumarnarayana/timemachine-cli/internal/config/validator.go:156.31,158.3 1 1
github.com/deepakkumarnarayana/timemachine-cli/internal/config/validator.go:160.2,160.21 1 1
github.com/deepakkumarnarayana/timemachine-cli/internal/config/validator.go:160.21,162.3 1 1
github.com/deepakkumarnarayana/timemachine-cli/internal/config/validator.go:164.2,164.12 1 1
github.com/deepakkumarnarayana/timemachine-cli/internal/config/validator.go:168.64,172.34 2 1
github.com/deepakkumarnarayana/timemachine-cli/internal/config/validator.go:172.34,174.3 1 1
github.com/deepakkumarnarayana/timemachine-cli/internal/config/validator.go:175.2,175.37 1 1
github.com/deepakkumarnarayana/timemachine-cli/internal/config/validator.go:175.37,177.3 1 1
github.com/deepakkumarnarayana/timemachine-cli/internal/config/validator.go:180.2,180.28 1 1
github.com/deepakkumarnarayana/timemachine-cli/internal/config/validator.go:180.28,182.3 1 1
github.com/deepakkumarnarayana/timemachine-cli/internal/config/validator.go:183.2,183.31 1 1
github.com/deepakkumarnarayana/timemachine-cli/internal/config/validator.go:183.31,185.3 1 1
github.com/deepakkumarnarayana/timemachine-cli/internal/config/validator.go:188.2,188.50 1 1
github.com/deepakkumarnarayana/timemachine-cli/internal/config/validator.go:188.50,190.3 1 1
github.com/deepakkumarnarayana/timemachine-cli/internal/config/validator.go:192.2,192.21 1 1
github.com/deepakkumarnarayana/timemachine-cli/internal/config/validator.go:192.21,194.3 1 1
github.com/deepakkumarnarayana/timemachine-cli/internal/config/validator.go:196.2,196.12 1 1
github.com/deepakkumarnarayana/timemachine-cli/internal/config/validator.go:200.62,205.56 3 1
github.com/deepakkumarnarayana/timemachine-cli/internal/config/validator.go:205.56,208.3 1 1
github.com/deepakkumarnarayana/timemachine-cli/internal/config/validator.go:211.2,212.61 2 1
github.com/deepakkumarnarayana/timemachine-cli/internal/config/validator.go:212.61,215.3 1 1
github.com/deepakkumarnarayana/timemachine-cli/internal/config/validator.go:217.2,217.21 1 1
github.com/deepakkumarnarayana/timemachine-cli/internal/config/validator.go:217.21,219.3 1 1
github.com/deepakkumarnarayana/timemachine-cli/internal/config/validator.go:221.2,221.12 1 1
github.com/deepakkumarnarayana/timemachine-cli/internal/config/validator.go:227.68,228.26 1 1
github.com/deepakkumarnarayana/timemachine-cli/internal/config/validator.go:228.26,229.15 1 1
github.com/deepakkumarnarayana/timemachine-cli/internal/config/validator.go:229.15,231.4 1 1
github.com/deepakkumarnarayana/timemachine-cli/internal/config/validator.go:233.2,233.14 1 1
github.com/deepakkumarnarayana/timemachine-cli/internal/config/validator.go:237.55,238.35 1 1
github.com/deepakkumarnarayana/timemachine-cli/internal/config/validator.go:238.35,240.3 1 1
github.com/deepakkumarnarayana/timemachine-cli/internal/config/validator.go:242.2,250.34 3 1
github.com/deepakkumarnarayana/timemachine-cli/internal/config/validator.go:250.34,252.3 1 1
github.com/deepakkumarnarayana/timemachine-cli/internal/config/validator.go:255.2,256.55 2 1
github.com/deepakkumarnarayana/timemachine-cli/internal/config/validator.go:256.55,258.3 1 1
github.com/deepakkumarnarayana/timemachine-cli/internal/config/validator.go:261.2,262.57 2 1
github.com/deepakkumarnarayana/timemachine-cli/internal/config/validator.go:262.57,264.3 1 1
github.com/deepakkumarnarayana/timemachine-cli/internal/config/validator.go:267.2,269.47 3 1
github.com/deepakkumarnarayana/timemachine-cli/internal/config/validator.go:269.47,271.3 1 1
github.com/deepakkumarnarayana/timemachine-cli/internal/config/validator.go:274.2,279.35 2 1
github.com/deepakkumarnarayana/timemachine-cli/internal/config/validator.go:279.35,280.35 1 1
github.com/deepakkumarnarayana/timemachine-cli/internal/config/validator.go:280.35,282.4 1 1
github.com/deepakkumarnarayana/timemachine-cli/internal/config/validator.go:286.2,286.53 1 1
github.com/deepakkumarnarayana/timemachine-cli/internal/config/validator.go:286.53,288.3 1 0
github.com/deepakkumarnarayana/timemachine-cli/internal/config/validator.go:292.2,293.40 2 1
github.com/deepakkumarnarayana/timemachine-cli/internal/config/validator.go:293.40,295.53 1 1
github.com/deepakkumarnarayana/timemachine-cli/internal/config/validator.go:295.53,297.4 1 1
github.com/deepakkumarnarayana/timemachine-cli/internal/config/validator.go:301.2,301.39 1 1
github.com/deepakkumarnarayana/timemachine-cli/internal/config/validator.go:301.39,303.3 1 0
github.com/deepakkumarnarayana/timemachine-cli/internal/config/validator.go:306.2,312.45 2 1
github.com/deepakkumarnarayana/timemachine-cli/internal/config/validator.go:312.45,313.38 1 1
github.com/deepakkumarnarayana/timemachine-cli/internal/config/validator.go:313.38,315.4 1 0
github.com/deepakkumarnarayana/timemachine-cli/internal/config/validator.go:319.2,319.36 1 1
github.com/deepakkumarnarayana/timemachine-cli/internal/config/validator.go:319.36,321.3 1 1
github.com/deepakkumarnarayana/timemachine-cli/internal/config/validator.go:324.2,328.44 2 1
github.com/deepakkumarnarayana/timemachine-cli/internal/config/validator.go:328.44,329.38 1 1
github.com/deepakkumarnarayana/timemachine-cli/internal/config/validator.go:329.38,331.4 1 1
github.com/deepakkumarnarayana/timemachine-cli/internal/config/validator.go:336.2,336.83 1 1
github.com/deepakkumarnarayana/timemachine-cli/internal/config/validator.go:336.83,338.54 1 1
github.com/deepakkumarnarayana/timemachine-cli/internal/config/validator.go:338.54,341.35 2 1
github.com/deepakkumarnarayana/timemachine-cli/internal/config/validator.go:341.35,342.86 1 1
github.com/deepakkumarnarayana/timemachine-cli/internal/config/validator.go:342.86,344.11 2 0
github.com/deepakkumarnarayana/timemachine-cli/internal/config/validator.go:347.4,347.22 1 1
github.com/deepakkumarnarayana/timemachine-cli/internal/config/validator.go:347.22,349.5 1 1
github.com/deepakkumarnarayana/timemachine-cli/internal/config/validator.go:354.2,354.31 1 1
github.com/deepakkumarnarayana/timemachine-cli/internal/config/validator.go:354.31,367.36 4 1
github.com/deepakkumarnarayana/timemachine-cli/internal/config/validator.go:367.36,368.62 1 1
github.com/deepakkumarnarayana/timemachine-cli/internal/config/validator.go:368.62,370.10 2 1
github.com/deepakkumarnarayana/timemachine-cli/internal/config/validator.go:375.3,375.14 1 1
github.com/deepakkumarnarayana/timemachine-cli/internal/config/validator.go:375.14,377.52 1 1
github.com/deepakkumarnarayana/timemachine-cli/internal/config/validator.go:377.52,378.46 1 1
github.com/deepakkumarnarayana/timemachine-cli/internal/config/validator.go:378.46,380.6 1 0
github.com/deepakkumarnarayana/timemachine-cli/internal/config/validator.go:383.4,383.56 1 1
github.com/deepakkumarnarayana/timemachine-cli/internal/config/validator.go:383.56,384.49 1 1
github.com/deepakkumarnarayana/timemachine-cli/internal/config/validator.go:384.49,386.6 1 0
github.com/deepakkumarnarayana/timemachine-cli/internal/config/validator.go:389.4,389.15 1 1
github.com/deepakkumarnarayana/timemachine-cli/internal/config/validator.go:389.15,391.5 1 1
github.com/deepakkumarnarayana/timemachine-cli/internal/config/validator.go:395.2,395.13 1 1
github.com/deepakkumarnarayana/timemachine-cli/internal/config/validator.go:399.75,400.15 1 1
github.com/deepakkumarnarayana/timemachine-cli/internal/config/validator.go:401.19,402.36 1 1
github.com/deepakkumarnarayana/timemachine-cli/internal/config/validator.go:402.36,404.42 2 1
github.com/deepakkumarnarayana/timemachine-cli/internal/config/validator.go:404.42,407.5 1 1
github.com/deepakkumarnarayana/timemachine-cli/internal/config/validator.go:408.9,410.4 1 1
github.com/deepakkumarnarayana/timemachine-cli/internal/config/validator.go:412.32,413.48 1 1
github.com/deepakkumarnarayana/timemachine-cli/internal/config/validator.go:413.48,414.68 1 1
github.com/deepakkumarnarayana/timemachine-cli/internal/config/validator.go:414.68,416.5 1 1
github.com/deepakkumarnarayana/timemachine-cli/internal/config/validator.go:417.9,419.4 1 1
github.com/deepakkumarnarayana/timemachine-cli/internal/config/validator.go:421.27,422.33 1 1
github.com/deepakkumarnarayana/timemachine-cli/internal/config/validator.go:422.33,423.34 1 1
github.com/deepakkumarnarayana/timemachine-cli/internal/config/validator.go:423.34,425.5 1 1
github.com/deepakkumarnarayana/timemachine-cli/internal/config/validator.go:426.9,428.4 1 1
github.com/deepakkumarnarayana/timemachine-cli/internal/config/validator.go:431.10,433.38 1 1
github.com/deepakkumarnarayana/timemachine-cli/internal/config/validator.go:436.2,436.12 1 1
github.com/deepakkumarnarayana/timemachine-cli/internal/config/validator.go:440.73,442.22 1 1
github.com/deepakkumarnarayana/timemachine-cli/internal/config/validator.go:443.50,444.13 1 1
github.com/deepakkumarnarayana/timemachine-cli/internal/config/validator.go:445.10,446.70 1 1
github.com/deepakkumarnarayana/timemachine-cli/internal/config/validator.go:451.48,478.2 1 1
